This is pdfTeX, Version 3.14159265-2.6-1.40.19 (TeX Live 2018) (preloaded format=pdflatex 2018.7.4)  31 AUG 2020 10:46
entering extended mode
 restricted \write18 enabled.
 file:line:error style messages enabled.
 %&-line parsing enabled.
**refining_trappist1_ttvs.tex
(./refining_trappist1_ttvs.tex
LaTeX2e <2018-04-01> patch level 2
Babel <3.18> and hyphenation patterns for 84 language(s) loaded.
(./aastex63.cls
Document Class: aastex63 2019/06/03 Version 6.3/AAS markup document class
Class aastex Info: 
 
 Original \LaTeX2.09 style by Chris Biemesderfer (chris@seagoat.com). 
 Adapted to \LaTeXe by A. Ogawa (ogawa@teleport.com)
 emulateapj.cls included, Copyright 2000-2015 Alexey Vikhlinin 
 Rewrite and update of emulateapj.cls, revised and enhanced with table macros, 
gridlines, draft watermark,
 track changes, new `modern' style and much more, by Amy Hendrickson,
 (amyh@texnology.com, http://www.texnology.com) 
 
  on input line 104.
\bibbaselineskip=\skip41
(/usr/local/texlive/2018/texmf-dist/tex/latex/revtex/revtex4-1.cls
Document Class: revtex4-1 2010/07/25/20:33:00 4.1r (http://publish.aps.org/revt
ex4/ for documentation)
 Copyright (c) 2009 The American Physical Society.
 mailto:revtex@aps.org
 Licensed under the LPPL:
http://www.ctan.org/tex-archive/macros/latex/base/lppl.txt
 Arthur Ogawa <arthur_ogawa at sbcglobal dot net>
 Based on work by David Carlisle <david at dcarlisle.demon.co.uk>.
ltxutil[2010/07/25/20:33:00 4.1r utilities package (portions licensed from W. E
. Baxter web at superscript.com)]
LaTeX Info: Redefining \@centercr on input line 308.
Class revtex4-1 Info: Repairing broken LaTeX eqnarray on input line 358.
\eqncolsep=\skip42
Class revtex4-1 Info: Repairing hyperref-unfriendly LaTeX definition of \mpfoot
note on input line 433.
Class revtex4-1 Info: Repairing broken LateX \@sect on input line 755.
\intertabularlinepenalty=\count80
\@tbpen=\count81
\@arstrutbox@hline=\box26
Class revtex4-1 Info: Repairing broken LaTeX \@xbitor on input line 1786.
Class revtex4-1 Info: Making \typeout \long on input line 2046.
ltxfront[2010/07/25/20:33:00 4.1r frontmatter package (AO,DPC)]
\c@affil=\count82
\c@collab=\count83
\absbox=\box27
ltxgrid[2010/07/25/20:33:00 4.1r page grid package (portions licensed from W. E
. Baxter web at superscript.com)]
\c@linecount=\count84
\output@latex=\toks14
\box@size@1=\box28
\box@size@2=\box29
\@protection@box=\box30
\@topmark@saved=\toks15
\footins@saved=\box31
\footins@recovered=\box32
\column@recovered=\box33
\pagesofar=\box34
\footsofar=\box35
\pagegrid@col=\count85
Class revtex4-1 Info: Overriding \@vspace, \@vspacer, \@no@pgbk, \@newline, and
 \\  on input line 5578.
\c@part=\count86
\c@section=\count87
\c@subsection=\count88
\c@subsubsection=\count89
\c@paragraph=\count90
\c@subparagraph=\count91
\abovecaptionskip=\skip43
\belowcaptionskip=\skip44
\c@figure=\count92
\fbox@1=\box36
\c@table=\count93
\fbox@2=\box37
\c@video=\count94
\fbox@4=\box38
\@bibdataout=\write3
\widetext@top=\box39
\widetext@bot=\box40
Class revtex4-1 Info: Selecting society aps on input line 7542.
(/usr/local/texlive/2018/texmf-dist/tex/latex/revtex/aps4-1.rtx
File: aps4-1 2010/07/25/20:33:00 4.1r (http://publish.aps.org/revtex4/ for docu
mentation)
Class revtex4-1 Info: RevTeX society APS selected on input line 31.
)
Class revtex4-1 Info: Selecting journal pra on input line 7544.
Class revtex4-1 Info: APS journal PRA selected on input line 7545.

(/usr/local/texlive/2018/texmf-dist/tex/latex/revtex/aps10pt4-1.rtx
File: aps10pt4-1 2010/07/25/20:33:00 4.1r (http://publish.aps.org/revtex4/ for 
documentation)
Class revtex4-1 Info: RevTeX pointsize 10pt selected on input line 30.
)
(/usr/local/texlive/2018/texmf-dist/tex/latex/textcase/textcase.sty
Package: textcase 2004/10/07 v0.07 Text only upper/lower case changing (DPC)
)
(/usr/local/texlive/2018/texmf-dist/tex/latex/url/url.sty
\Urlmuskip=\muskip10
Package: url 2013/09/16  ver 3.4  Verb mode for urls, etc.
)
(/usr/local/texlive/2018/texmf-dist/tex/latex/natbib/natbib.sty
Package: natbib 2010/09/13 8.31b (PWD, AO)
\bibhang=\skip45
\bibsep=\skip46
LaTeX Info: Redefining \cite on input line 694.
\c@NAT@ctr=\count95
)
Class revtex4-1 Info: Repairing natbib's \BibitemShut on input line 7549.

(/usr/local/texlive/2018/texmf-dist/tex/latex/revtex/revsymb4-1.sty
Package: revsymb4-1 2010/07/25/20:33:00 4.1r (http://publish.aps.org/revtex4/ f
or documentation)
LaTeX Info: Redefining \REV@mathfrak on input line 119.
))
(/usr/local/texlive/2018/texmf-dist/tex/latex/base/latexsym.sty
Package: latexsym 1998/08/17 v2.2e Standard LaTeX package (lasy symbols)
\symlasy=\mathgroup4
LaTeX Font Info:    Overwriting symbol font `lasy' in version `bold'
(Font)                  U/lasy/m/n --> U/lasy/b/n on input line 52.
)
(/usr/local/texlive/2018/texmf-dist/tex/latex/graphics/graphicx.sty
Package: graphicx 2017/06/01 v1.1a Enhanced LaTeX Graphics (DPC,SPQR)

(/usr/local/texlive/2018/texmf-dist/tex/latex/graphics/keyval.sty
Package: keyval 2014/10/28 v1.15 key=value parser (DPC)
\KV@toks@=\toks16
)
(/usr/local/texlive/2018/texmf-dist/tex/latex/graphics/graphics.sty
Package: graphics 2017/06/25 v1.2c Standard LaTeX Graphics (DPC,SPQR)

(/usr/local/texlive/2018/texmf-dist/tex/latex/graphics/trig.sty
Package: trig 2016/01/03 v1.10 sin cos tan (DPC)
)
(/usr/local/texlive/2018/texmf-dist/tex/latex/graphics-cfg/graphics.cfg
File: graphics.cfg 2016/06/04 v1.11 sample graphics configuration
)
Package graphics Info: Driver file: pdftex.def on input line 99.

(/usr/local/texlive/2018/texmf-dist/tex/latex/graphics-def/pdftex.def
File: pdftex.def 2018/01/08 v1.0l Graphics/color driver for pdftex
))
\Gin@req@height=\dimen102
\Gin@req@width=\dimen103
)
(/usr/local/texlive/2018/texmf-dist/tex/latex/amsfonts/amssymb.sty
Package: amssymb 2013/01/14 v3.01 AMS font symbols

(/usr/local/texlive/2018/texmf-dist/tex/latex/amsfonts/amsfonts.sty
Package: amsfonts 2013/01/14 v3.01 Basic AMSFonts support
\@emptytoks=\toks17
\symAMSa=\mathgroup5
\symAMSb=\mathgroup6
LaTeX Font Info:    Overwriting math alphabet `\mathfrak' in version `bold'
(Font)                  U/euf/m/n --> U/euf/b/n on input line 106.
LaTeX Info: Redefining \frak on input line 111.
LaTeX Info: Redefining \Bbb on input line 113.
))
(/usr/local/texlive/2018/texmf-dist/tex/generic/epsf/epsf.sty
This is `epsf.tex' v2.7.4 <14 February 2011>
\epsffilein=\read1
\epsfframemargin=\dimen104
\epsfframethickness=\dimen105
\epsfrsize=\dimen106
\epsftmp=\dimen107
\epsftsize=\dimen108
\epsfxsize=\dimen109
\epsfysize=\dimen110
\pspoints=\dimen111
)
\rptnum=\count96
\rptloopnum=\count97
\fncount=\count98
\endfncount=\count99
\c@front@matter@foot@note=\count100
\keys@width=\skip47
\c@lastfootnote=\count101
\tempsectnum=\count102
\ackbox=\box41
\c@remember@figure@num=\count103
\c@remember@table@num=\count104
\bibskip=\skip48
\bibindent=\dimen112
\plot@width=\skip49
\c@table@save=\count105
\@abovenoteskip=\dimen113
\table@note@skip=\skip50
\deluxe@table@width=\skip51
\@d@t@a=\skip52
\c@deluxe@table@num=\count106
\LTcapwidth=\dimen114
\abovedeluxetableskip=\skip53
\belowdeluxetableskip=\skip54
\lastrowheight=\dimen115
\DT@p@ftn=\toks18
\pt@column=\count107
\pt@ncol=\count108
 (/usr/local/texlive/2018/texmf-dist/tex/latex/tools/longtable.sty
Package: longtable 2014/10/28 v4.11 Multi-page Table package (DPC)
\LTleft=\skip55
\LTright=\skip56
\LTpre=\skip57
\LTpost=\skip58
\LTchunksize=\count109
\LTcapwidth=\dimen116
\LT@head=\box42
\LT@firsthead=\box43
\LT@foot=\box44
\LT@lastfoot=\box45
\LT@cols=\count110
\LT@rows=\count111
\c@LT@tables=\count112
\c@LT@chunks=\count113
\LT@p@ftn=\toks19
)
(/usr/local/texlive/2018/texmf-dist/tex/latex/xcolor/xcolor.sty
Package: xcolor 2016/05/11 v2.12 LaTeX color extensions (UK)

(/usr/local/texlive/2018/texmf-dist/tex/latex/graphics-cfg/color.cfg
File: color.cfg 2016/01/02 v1.6 sample color configuration
)
Package xcolor Info: Driver file: pdftex.def on input line 225.
Package xcolor Info: Model `cmy' substituted by `cmy0' on input line 1348.
Package xcolor Info: Model `hsb' substituted by `rgb' on input line 1352.
Package xcolor Info: Model `RGB' extended on input line 1364.
Package xcolor Info: Model `HTML' substituted by `rgb' on input line 1366.
Package xcolor Info: Model `Hsb' substituted by `hsb' on input line 1367.
Package xcolor Info: Model `tHsb' substituted by `hsb' on input line 1368.
Package xcolor Info: Model `HSB' substituted by `hsb' on input line 1369.
Package xcolor Info: Model `Gray' substituted by `gray' on input line 1370.
Package xcolor Info: Model `wave' substituted by `hsb' on input line 1371.
)
(/usr/local/texlive/2018/texmf-dist/tex/latex/hyperref/hyperref.sty
Package: hyperref 2018/02/06 v6.86b Hypertext links for LaTeX

(/usr/local/texlive/2018/texmf-dist/tex/generic/oberdiek/hobsub-hyperref.sty
Package: hobsub-hyperref 2016/05/16 v1.14 Bundle oberdiek, subset hyperref (HO)


(/usr/local/texlive/2018/texmf-dist/tex/generic/oberdiek/hobsub-generic.sty
Package: hobsub-generic 2016/05/16 v1.14 Bundle oberdiek, subset generic (HO)
Package: hobsub 2016/05/16 v1.14 Construct package bundles (HO)
Package: infwarerr 2016/05/16 v1.4 Providing info/warning/error messages (HO)
Package: ltxcmds 2016/05/16 v1.23 LaTeX kernel commands for general use (HO)
Package: ifluatex 2016/05/16 v1.4 Provides the ifluatex switch (HO)
Package ifluatex Info: LuaTeX not detected.
Package: ifvtex 2016/05/16 v1.6 Detect VTeX and its facilities (HO)
Package ifvtex Info: VTeX not detected.
Package: intcalc 2016/05/16 v1.2 Expandable calculations with integers (HO)
Package: ifpdf 2017/03/15 v3.2 Provides the ifpdf switch
Package: etexcmds 2016/05/16 v1.6 Avoid name clashes with e-TeX commands (HO)
Package etexcmds Info: Could not find \expanded.
(etexcmds)             That can mean that you are not using pdfTeX 1.50 or
(etexcmds)             that some package has redefined \expanded.
(etexcmds)             In the latter case, load this package earlier.
Package: kvsetkeys 2016/05/16 v1.17 Key value parser (HO)
Package: kvdefinekeys 2016/05/16 v1.4 Define keys (HO)
Package: pdftexcmds 2018/01/30 v0.27 Utility functions of pdfTeX for LuaTeX (HO
)
Package pdftexcmds Info: LuaTeX not detected.
Package pdftexcmds Info: \pdf@primitive is available.
Package pdftexcmds Info: \pdf@ifprimitive is available.
Package pdftexcmds Info: \pdfdraftmode found.
Package: pdfescape 2016/05/16 v1.14 Implements pdfTeX's escape features (HO)
Package: bigintcalc 2016/05/16 v1.4 Expandable calculations on big integers (HO
)
Package: bitset 2016/05/16 v1.2 Handle bit-vector datatype (HO)
Package: uniquecounter 2016/05/16 v1.3 Provide unlimited unique counter (HO)
)
Package hobsub Info: Skipping package `hobsub' (already loaded).
Package: letltxmacro 2016/05/16 v1.5 Let assignment for LaTeX macros (HO)
Package: hopatch 2016/05/16 v1.3 Wrapper for package hooks (HO)
Package: xcolor-patch 2016/05/16 xcolor patch
Package: atveryend 2016/05/16 v1.9 Hooks at the very end of document (HO)
Package: atbegshi 2016/06/09 v1.18 At begin shipout hook (HO)
Package: refcount 2016/05/16 v3.5 Data extraction from label references (HO)
Package: hycolor 2016/05/16 v1.8 Color options for hyperref/bookmark (HO)
)
(/usr/local/texlive/2018/texmf-dist/tex/generic/ifxetex/ifxetex.sty
Package: ifxetex 2010/09/12 v0.6 Provides ifxetex conditional
)
(/usr/local/texlive/2018/texmf-dist/tex/latex/oberdiek/auxhook.sty
Package: auxhook 2016/05/16 v1.4 Hooks for auxiliary files (HO)
)
(/usr/local/texlive/2018/texmf-dist/tex/latex/oberdiek/kvoptions.sty
Package: kvoptions 2016/05/16 v3.12 Key value format for package options (HO)
)
\@linkdim=\dimen117
\Hy@linkcounter=\count114
\Hy@pagecounter=\count115

(/usr/local/texlive/2018/texmf-dist/tex/latex/hyperref/pd1enc.def
File: pd1enc.def 2018/02/06 v6.86b Hyperref: PDFDocEncoding definition (HO)
Now handling font encoding PD1 ...
... no UTF-8 mapping file for font encoding PD1
)
\Hy@SavedSpaceFactor=\count116

(/usr/local/texlive/2018/texmf-dist/tex/latex/latexconfig/hyperref.cfg
File: hyperref.cfg 2002/06/06 v1.2 hyperref configuration of TeXLive
)
Package hyperref Info: Option `bookmarks' set `true' on input line 4383.
Package hyperref Info: Option `pdfnewwindow' set `true' on input line 4383.
Package hyperref Info: Option `colorlinks' set `true' on input line 4383.
Package hyperref Info: Option `final' set `true' on input line 4383.
Package hyperref Info: Hyper figures OFF on input line 4509.
Package hyperref Info: Link nesting OFF on input line 4514.
Package hyperref Info: Hyper index ON on input line 4517.
Package hyperref Info: Plain pages OFF on input line 4524.
Package hyperref Info: Backreferencing OFF on input line 4529.
Package hyperref Info: Implicit mode ON; LaTeX internals redefined.
Package hyperref Info: Bookmarks ON on input line 4762.
LaTeX Info: Redefining \href on input line 5026.
\c@Hy@tempcnt=\count117
LaTeX Info: Redefining \url on input line 5115.
\XeTeXLinkMargin=\dimen118
\Fld@menulength=\count118
\Field@Width=\dimen119
\Fld@charsize=\dimen120
Package hyperref Info: Hyper figures OFF on input line 6369.
Package hyperref Info: Link nesting OFF on input line 6374.
Package hyperref Info: Hyper index ON on input line 6377.
Package hyperref Info: backreferencing OFF on input line 6384.
Package hyperref Info: Link coloring ON on input line 6387.
Package hyperref Info: Link coloring with OCG OFF on input line 6394.
Package hyperref Info: PDF/A mode OFF on input line 6399.
LaTeX Info: Redefining \ref on input line 6439.
LaTeX Info: Redefining \pageref on input line 6443.
\Hy@abspage=\count119
\c@Item=\count120
\c@Hfootnote=\count121
)
Package hyperref Info: Driver (autodetected): hpdftex.

(/usr/local/texlive/2018/texmf-dist/tex/latex/hyperref/hpdftex.def
File: hpdftex.def 2018/02/06 v6.86b Hyperref driver for pdfTeX
\Fld@listcount=\count122
\c@bookmark@seq@number=\count123

(/usr/local/texlive/2018/texmf-dist/tex/latex/oberdiek/rerunfilecheck.sty
Package: rerunfilecheck 2016/05/16 v1.8 Rerun checks for auxiliary files (HO)
Package uniquecounter Info: New unique counter `rerunfilecheck' on input line 2
82.
)
\Hy@SectionHShift=\skip59
)
(/usr/local/texlive/2018/texmf-dist/tex/latex/tools/array.sty
Package: array 2018/04/07 v2.4g Tabular extension package (FMi)
\col@sep=\dimen121
\ar@mcellbox=\box46
\extrarowheight=\dimen122
\NC@list=\toks20
\extratabsurround=\skip60
\backup@length=\skip61
\ar@cellbox=\box47
)
\colcount=\count124
\firstcolcount=\count125
\secondcolcount=\count126
\thirdcolcount=\count127
\columncount=\count128
\howmanyDs=\count129
\firsthowmanyDs=\count130
\secondhowmanyDs=\count131
\PartsOfTable=\count132
\columnoneandtwo=\count133
\colnumsused=\count134
\loopnum=\count135
\totalcolumncount=\count136
\totalcolumns=\count137
\firsttablebox=\box48
\secondtablebox=\box49
\thirdtablebox=\box50
\longtablebox=\box51
\splitbox=\box52
\movetabledown=\dimen123
\maxtablewidth=\dimen124
\savetabskip=\dimen125
\tempcounter=\count138
\colheadcount=\count139
\rotatetablebox=\box53
\colorcount=\count140
\refchangenumber=\count141
\listchangenum=\count142

(/usr/local/texlive/2018/texmf-dist/tex/generic/ulem/ulem.sty
\UL@box=\box54
\UL@hyphenbox=\box55
\UL@skip=\skip62
\UL@hook=\toks21
\UL@height=\dimen126
\UL@pe=\count143
\UL@pixel=\dimen127
\ULC@box=\box56
Package: ulem 2012/05/18
\ULdepth=\dimen128
)
\entriesinthiscollab=\count144
\allentries=\count145
\AuthorCollaborationLimit=\count146
\largestAffilNum=\count147
\totalentries=\count148
\docollabnum=\count149
\tempauthornumber=\count150
\countauthors=\count151
\testnum=\count152
\tempauthorminusone=\count153
\affilnum=\count154
\c@affilcount=\count155
\numauthors=\count156
\collabnum=\count157
\collabnamebox=\box57
\widetext@top=\box58
\widetext@bot=\box59
\movetableright=\dimen129
)
\@input{cortex.aux}
\openout2 = `cortex.aux'.

(./cortex.tex (/usr/local/texlive/2018/texmf-dist/tex/latex/tools/calc.sty
Package: calc 2017/05/25 v4.3 Infix arithmetic (KKT,FJ)
\calc@Acount=\count158
\calc@Bcount=\count159
\calc@Adimen=\dimen130
\calc@Bdimen=\dimen131
\calc@Askip=\skip63
\calc@Bskip=\skip64
LaTeX Info: Redefining \setlength on input line 80.
LaTeX Info: Redefining \addtolength on input line 81.
\calc@Ccount=\count160
\calc@Cskip=\skip65
)
(/usr/local/texlive/2018/texmf-dist/tex/latex/etoolbox/etoolbox.sty
Package: etoolbox 2018/02/11 v2.5e e-TeX tools for LaTeX (JAW)
\etb@tempcnta=\count161


Package etoolbox Warning: Patching '\begin' failed!
(etoolbox)                '\AtBeginEnvironment' will not work.


Package etoolbox Warning: Patching '\end' failed!
(etoolbox)                '\AtEndEnvironment' will not work.


Package etoolbox Warning: Patching '\end' failed!
(etoolbox)                '\AfterEndEnvironment' will not work.

) (/usr/local/texlive/2018/texmf-dist/tex/latex/tools/xspace.sty
Package: xspace 2014/10/28 v1.13 Space after command names (DPC,MH)
)
(/usr/local/texlive/2018/texmf-dist/tex/latex/base/fontenc.sty
Package: fontenc 2017/04/05 v2.0i Standard LaTeX package

(/usr/local/texlive/2018/texmf-dist/tex/latex/base/t1enc.def
File: t1enc.def 2017/04/05 v2.0i Standard LaTeX file
LaTeX Font Info:    Redeclaring font encoding T1 on input line 48.
))
(/usr/local/texlive/2018/texmf-dist/tex/latex/base/textcomp.sty
Package: textcomp 2017/04/05 v2.0i Standard LaTeX package
Package textcomp Info: Sub-encoding information:
(textcomp)               5 = only ISO-Adobe without \textcurrency
(textcomp)               4 = 5 + \texteuro
(textcomp)               3 = 4 + \textohm
(textcomp)               2 = 3 + \textestimated + \textcurrency
(textcomp)               1 = TS1 - \textcircled - \t
(textcomp)               0 = TS1 (full)
(textcomp)             Font families with sub-encoding setting implement
(textcomp)             only a restricted character set as indicated.
(textcomp)             Family '?' is the default used for unknown fonts.
(textcomp)             See the documentation for details.
Package textcomp Info: Setting ? sub-encoding to TS1/1 on input line 79.

(/usr/local/texlive/2018/texmf-dist/tex/latex/base/ts1enc.def
File: ts1enc.def 2001/06/05 v3.0e (jk/car/fm) Standard LaTeX file
Now handling font encoding TS1 ...
... processing UTF-8 mapping file for font encoding TS1

(/usr/local/texlive/2018/texmf-dist/tex/latex/base/ts1enc.dfu
File: ts1enc.dfu 2018/04/05 v1.2c UTF-8 support for inputenc
   defining Unicode char U+00A2 (decimal 162)
   defining Unicode char U+00A3 (decimal 163)
   defining Unicode char U+00A4 (decimal 164)
   defining Unicode char U+00A5 (decimal 165)
   defining Unicode char U+00A6 (decimal 166)
   defining Unicode char U+00A7 (decimal 167)
   defining Unicode char U+00A8 (decimal 168)
   defining Unicode char U+00A9 (decimal 169)
   defining Unicode char U+00AA (decimal 170)
   defining Unicode char U+00AC (decimal 172)
   defining Unicode char U+00AE (decimal 174)
   defining Unicode char U+00AF (decimal 175)
   defining Unicode char U+00B0 (decimal 176)
   defining Unicode char U+00B1 (decimal 177)
   defining Unicode char U+00B2 (decimal 178)
   defining Unicode char U+00B3 (decimal 179)
   defining Unicode char U+00B4 (decimal 180)
   defining Unicode char U+00B5 (decimal 181)
   defining Unicode char U+00B6 (decimal 182)
   defining Unicode char U+00B7 (decimal 183)
   defining Unicode char U+00B9 (decimal 185)
   defining Unicode char U+00BA (decimal 186)
   defining Unicode char U+00BC (decimal 188)
   defining Unicode char U+00BD (decimal 189)
   defining Unicode char U+00BE (decimal 190)
   defining Unicode char U+00D7 (decimal 215)
   defining Unicode char U+00F7 (decimal 247)
   defining Unicode char U+0192 (decimal 402)
   defining Unicode char U+02C7 (decimal 711)
   defining Unicode char U+02D8 (decimal 728)
   defining Unicode char U+02DD (decimal 733)
   defining Unicode char U+0E3F (decimal 3647)
   defining Unicode char U+2016 (decimal 8214)
   defining Unicode char U+2020 (decimal 8224)
   defining Unicode char U+2021 (decimal 8225)
   defining Unicode char U+2022 (decimal 8226)
   defining Unicode char U+2030 (decimal 8240)
   defining Unicode char U+2031 (decimal 8241)
   defining Unicode char U+203B (decimal 8251)
   defining Unicode char U+203D (decimal 8253)
   defining Unicode char U+2044 (decimal 8260)
   defining Unicode char U+204E (decimal 8270)
   defining Unicode char U+2052 (decimal 8274)
   defining Unicode char U+20A1 (decimal 8353)
   defining Unicode char U+20A4 (decimal 8356)
   defining Unicode char U+20A6 (decimal 8358)
   defining Unicode char U+20A9 (decimal 8361)
   defining Unicode char U+20AB (decimal 8363)
   defining Unicode char U+20AC (decimal 8364)
   defining Unicode char U+20B1 (decimal 8369)
   defining Unicode char U+2103 (decimal 8451)
   defining Unicode char U+2116 (decimal 8470)
   defining Unicode char U+2117 (decimal 8471)
   defining Unicode char U+211E (decimal 8478)
   defining Unicode char U+2120 (decimal 8480)
   defining Unicode char U+2122 (decimal 8482)
   defining Unicode char U+2126 (decimal 8486)
   defining Unicode char U+2127 (decimal 8487)
   defining Unicode char U+212E (decimal 8494)
   defining Unicode char U+2190 (decimal 8592)
   defining Unicode char U+2191 (decimal 8593)
   defining Unicode char U+2192 (decimal 8594)
   defining Unicode char U+2193 (decimal 8595)
   defining Unicode char U+2329 (decimal 9001)
   defining Unicode char U+232A (decimal 9002)
   defining Unicode char U+2422 (decimal 9250)
   defining Unicode char U+25E6 (decimal 9702)
   defining Unicode char U+25EF (decimal 9711)
   defining Unicode char U+266A (decimal 9834)
   defining Unicode char U+FEFF (decimal 65279)
))
LaTeX Info: Redefining \oldstylenums on input line 334.
Package textcomp Info: Setting cmr sub-encoding to TS1/0 on input line 349.
Package textcomp Info: Setting cmss sub-encoding to TS1/0 on input line 350.
Package textcomp Info: Setting cmtt sub-encoding to TS1/0 on input line 351.
Package textcomp Info: Setting cmvtt sub-encoding to TS1/0 on input line 352.
Package textcomp Info: Setting cmbr sub-encoding to TS1/0 on input line 353.
Package textcomp Info: Setting cmtl sub-encoding to TS1/0 on input line 354.
Package textcomp Info: Setting ccr sub-encoding to TS1/0 on input line 355.
Package textcomp Info: Setting ptm sub-encoding to TS1/4 on input line 356.
Package textcomp Info: Setting pcr sub-encoding to TS1/4 on input line 357.
Package textcomp Info: Setting phv sub-encoding to TS1/4 on input line 358.
Package textcomp Info: Setting ppl sub-encoding to TS1/3 on input line 359.
Package textcomp Info: Setting pag sub-encoding to TS1/4 on input line 360.
Package textcomp Info: Setting pbk sub-encoding to TS1/4 on input line 361.
Package textcomp Info: Setting pnc sub-encoding to TS1/4 on input line 362.
Package textcomp Info: Setting pzc sub-encoding to TS1/4 on input line 363.
Package textcomp Info: Setting bch sub-encoding to TS1/4 on input line 364.
Package textcomp Info: Setting put sub-encoding to TS1/5 on input line 365.
Package textcomp Info: Setting uag sub-encoding to TS1/5 on input line 366.
Package textcomp Info: Setting ugq sub-encoding to TS1/5 on input line 367.
Package textcomp Info: Setting ul8 sub-encoding to TS1/4 on input line 368.
Package textcomp Info: Setting ul9 sub-encoding to TS1/4 on input line 369.
Package textcomp Info: Setting augie sub-encoding to TS1/5 on input line 370.
Package textcomp Info: Setting dayrom sub-encoding to TS1/3 on input line 371.
Package textcomp Info: Setting dayroms sub-encoding to TS1/3 on input line 372.

Package textcomp Info: Setting pxr sub-encoding to TS1/0 on input line 373.
Package textcomp Info: Setting pxss sub-encoding to TS1/0 on input line 374.
Package textcomp Info: Setting pxtt sub-encoding to TS1/0 on input line 375.
Package textcomp Info: Setting txr sub-encoding to TS1/0 on input line 376.
Package textcomp Info: Setting txss sub-encoding to TS1/0 on input line 377.
Package textcomp Info: Setting txtt sub-encoding to TS1/0 on input line 378.
Package textcomp Info: Setting lmr sub-encoding to TS1/0 on input line 379.
Package textcomp Info: Setting lmdh sub-encoding to TS1/0 on input line 380.
Package textcomp Info: Setting lmss sub-encoding to TS1/0 on input line 381.
Package textcomp Info: Setting lmssq sub-encoding to TS1/0 on input line 382.
Package textcomp Info: Setting lmvtt sub-encoding to TS1/0 on input line 383.
Package textcomp Info: Setting lmtt sub-encoding to TS1/0 on input line 384.
Package textcomp Info: Setting qhv sub-encoding to TS1/0 on input line 385.
Package textcomp Info: Setting qag sub-encoding to TS1/0 on input line 386.
Package textcomp Info: Setting qbk sub-encoding to TS1/0 on input line 387.
Package textcomp Info: Setting qcr sub-encoding to TS1/0 on input line 388.
Package textcomp Info: Setting qcs sub-encoding to TS1/0 on input line 389.
Package textcomp Info: Setting qpl sub-encoding to TS1/0 on input line 390.
Package textcomp Info: Setting qtm sub-encoding to TS1/0 on input line 391.
Package textcomp Info: Setting qzc sub-encoding to TS1/0 on input line 392.
Package textcomp Info: Setting qhvc sub-encoding to TS1/0 on input line 393.
Package textcomp Info: Setting futs sub-encoding to TS1/4 on input line 394.
Package textcomp Info: Setting futx sub-encoding to TS1/4 on input line 395.
Package textcomp Info: Setting futj sub-encoding to TS1/4 on input line 396.
Package textcomp Info: Setting hlh sub-encoding to TS1/3 on input line 397.
Package textcomp Info: Setting hls sub-encoding to TS1/3 on input line 398.
Package textcomp Info: Setting hlst sub-encoding to TS1/3 on input line 399.
Package textcomp Info: Setting hlct sub-encoding to TS1/5 on input line 400.
Package textcomp Info: Setting hlx sub-encoding to TS1/5 on input line 401.
Package textcomp Info: Setting hlce sub-encoding to TS1/5 on input line 402.
Package textcomp Info: Setting hlcn sub-encoding to TS1/5 on input line 403.
Package textcomp Info: Setting hlcw sub-encoding to TS1/5 on input line 404.
Package textcomp Info: Setting hlcf sub-encoding to TS1/5 on input line 405.
Package textcomp Info: Setting pplx sub-encoding to TS1/3 on input line 406.
Package textcomp Info: Setting pplj sub-encoding to TS1/3 on input line 407.
Package textcomp Info: Setting ptmx sub-encoding to TS1/4 on input line 408.
Package textcomp Info: Setting ptmj sub-encoding to TS1/4 on input line 409.
)
(/usr/local/texlive/2018/texmf-dist/tex/latex/fontawesome/fontawesome.sty
Package: fontawesome 2016/05/15 v4.6.3.1 font awesome icons

(/usr/local/texlive/2018/texmf-dist/tex/latex/fontawesome/fontawesomesymbols-ge
neric.tex)
(/usr/local/texlive/2018/texmf-dist/tex/latex/fontawesome/fontawesomesymbols-pd
ftex.tex)) (/usr/local/texlive/2018/texmf-dist/tex/latex/ifmtarg/ifmtarg.sty
Package: ifmtarg 2009/09/02 v1.2a check for an empty argument
))
(/usr/local/texlive/2018/texmf-dist/tex/latex/amsmath/amsmath.sty
Package: amsmath 2017/09/02 v2.17a AMS math features
\@mathmargin=\skip66

For additional information on amsmath, use the `?' option.
(/usr/local/texlive/2018/texmf-dist/tex/latex/amsmath/amstext.sty
Package: amstext 2000/06/29 v2.01 AMS text

(/usr/local/texlive/2018/texmf-dist/tex/latex/amsmath/amsgen.sty
File: amsgen.sty 1999/11/30 v2.0 generic functions
\@emptytoks=\toks22
\ex@=\dimen132
)
LaTeX Info: Redefining \text on input line 28.
)
(/usr/local/texlive/2018/texmf-dist/tex/latex/amsmath/amsbsy.sty
Package: amsbsy 1999/11/29 v1.2d Bold Symbols
\pmbraise@=\dimen133
)
(/usr/local/texlive/2018/texmf-dist/tex/latex/amsmath/amsopn.sty
Package: amsopn 2016/03/08 v2.02 operator names
)
\inf@bad=\count162
LaTeX Info: Redefining \frac on input line 213.
\uproot@=\count163
\leftroot@=\count164
LaTeX Info: Redefining \overline on input line 375.
\classnum@=\count165
\DOTSCASE@=\count166
LaTeX Info: Redefining \ldots on input line 472.
LaTeX Info: Redefining \dots on input line 475.
LaTeX Info: Redefining \cdots on input line 596.
\Mathstrutbox@=\box60
\strutbox@=\box61
\big@size=\dimen134
LaTeX Font Info:    Redeclaring font encoding OML on input line 712.
LaTeX Font Info:    Redeclaring font encoding OMS on input line 713.
\macc@depth=\count167
\c@MaxMatrixCols=\count168
\dotsspace@=\muskip11
\c@parentequation=\count169
\dspbrk@lvl=\count170
\tag@help=\toks23
\row@=\count171
\column@=\count172
\maxfields@=\count173
\andhelp@=\toks24
\eqnshift@=\dimen135
\alignsep@=\dimen136
\tagshift@=\dimen137
\tagwidth@=\dimen138
\totwidth@=\dimen139
\lineht@=\dimen140
\@envbody=\toks25
\multlinegap=\skip67
\multlinetaggap=\skip68
\mathdisplay@stack=\toks26
LaTeX Info: Redefining \[ on input line 2817.
LaTeX Info: Redefining \] on input line 2818.
)
(/usr/local/texlive/2018/texmf-dist/tex/latex/wasysym/wasysym.sty
Package: wasysym 2003/10/30 v2.0 Wasy-2 symbol support package
\symwasy=\mathgroup7
LaTeX Font Info:    Overwriting symbol font `wasy' in version `bold'
(Font)                  U/wasy/m/n --> U/wasy/b/n on input line 90.
)
Class revtex4-1 Info: Unrecognized array package. Please update this document c
lass! (Proceeding with fingers crossed.) on input line 173.
Class revtex4-1 Info: Patching unrecognized longtable package. (Proceeding with
 fingers crossed) on input line 173.
Class revtex4-1 Info: Robustifying \LaTeX's \boldmath command on input line 173
.
Class revtex4-1 Info: cite was not loaded (OK!) on input line 173.
Class revtex4-1 Info: mcite was not loaded (OK!) on input line 173.
Class revtex4-1 Info: multicol was not loaded (OK!) on input line 173.

(./refining_trappist1_ttvs.aux)
\openout1 = `refining_trappist1_ttvs.aux'.

LaTeX Font Info:    Checking defaults for OML/cmm/m/it on input line 173.
LaTeX Font Info:    ... okay on input line 173.
LaTeX Font Info:    Checking defaults for T1/cmr/m/n on input line 173.
LaTeX Font Info:    ... okay on input line 173.
LaTeX Font Info:    Checking defaults for OT1/cmr/m/n on input line 173.
LaTeX Font Info:    ... okay on input line 173.
LaTeX Font Info:    Checking defaults for OMS/cmsy/m/n on input line 173.
LaTeX Font Info:    ... okay on input line 173.
LaTeX Font Info:    Checking defaults for OMX/cmex/m/n on input line 173.
LaTeX Font Info:    ... okay on input line 173.
LaTeX Font Info:    Checking defaults for U/cmr/m/n on input line 173.
LaTeX Font Info:    ... okay on input line 173.
LaTeX Font Info:    Checking defaults for PD1/pdf/m/n on input line 173.
LaTeX Font Info:    ... okay on input line 173.
LaTeX Font Info:    Checking defaults for TS1/cmr/m/n on input line 173.
LaTeX Font Info:    Try loading font information for TS1+cmr on input line 173.


(/usr/local/texlive/2018/texmf-dist/tex/latex/base/ts1cmr.fd
File: ts1cmr.fd 2014/09/29 v2.5h Standard LaTeX font definitions
)
LaTeX Font Info:    ... okay on input line 173.

(/usr/local/texlive/2018/texmf-dist/tex/context/base/mkii/supp-pdf.mkii
[Loading MPS to PDF converter (version 2006.09.02).]
\scratchcounter=\count174
\scratchdimen=\dimen141
\scratchbox=\box62
\nofMPsegments=\count175
\nofMParguments=\count176
\everyMPshowfont=\toks27
\MPscratchCnt=\count177
\MPscratchDim=\dimen142
\MPnumerator=\count178
\makeMPintoPDFobject=\count179
\everyMPtoPDFconversion=\toks28
) (/usr/local/texlive/2018/texmf-dist/tex/latex/oberdiek/epstopdf-base.sty
Package: epstopdf-base 2016/05/15 v2.6 Base part for package epstopdf

(/usr/local/texlive/2018/texmf-dist/tex/latex/oberdiek/grfext.sty
Package: grfext 2016/05/16 v1.2 Manage graphics extensions (HO)
)
Package epstopdf-base Info: Redefining graphics rule for `.eps' on input line 4
38.
Package grfext Info: Graphics extension search list:
(grfext)             [.pdf,.png,.jpg,.mps,.jpeg,.jbig2,.jb2,.PDF,.PNG,.JPG,.JPE
G,.JBIG2,.JB2,.eps]
(grfext)             \AppendGraphicsExtensions on input line 456.

(/usr/local/texlive/2018/texmf-dist/tex/latex/latexconfig/epstopdf-sys.cfg
File: epstopdf-sys.cfg 2010/07/13 v1.3 Configuration of (r)epstopdf for TeX Liv
e
))
\AtBeginShipoutBox=\box63
Package hyperref Info: Link coloring ON on input line 173.

(/usr/local/texlive/2018/texmf-dist/tex/latex/hyperref/nameref.sty
Package: nameref 2016/05/21 v2.44 Cross-referencing by name of section

(/usr/local/texlive/2018/texmf-dist/tex/generic/oberdiek/gettitlestring.sty
Package: gettitlestring 2016/05/16 v1.5 Cleanup title references (HO)
)
\c@section@level=\count180
)
LaTeX Info: Redefining \ref on input line 173.
LaTeX Info: Redefining \pageref on input line 173.
LaTeX Info: Redefining \nameref on input line 173.

(./refining_trappist1_ttvs.out) (./refining_trappist1_ttvs.out)
\@outlinefile=\write4
\openout4 = `refining_trappist1_ttvs.out'.

LaTeX Font Info:    Try loading font information for U+lasy on input line 227.

(/usr/local/texlive/2018/texmf-dist/tex/latex/base/ulasy.fd
File: ulasy.fd 1998/08/17 v2.2e LaTeX symbol font definitions
)
LaTeX Font Info:    Try loading font information for U+msa on input line 227.

(/usr/local/texlive/2018/texmf-dist/tex/latex/amsfonts/umsa.fd
File: umsa.fd 2013/01/14 v3.01 AMS symbols A
)
LaTeX Font Info:    Try loading font information for U+msb on input line 227.

(/usr/local/texlive/2018/texmf-dist/tex/latex/amsfonts/umsb.fd
File: umsb.fd 2013/01/14 v3.01 AMS symbols B
)
LaTeX Font Info:    Try loading font information for U+wasy on input line 227.

(/usr/local/texlive/2018/texmf-dist/tex/latex/wasysym/uwasy.fd
File: uwasy.fd 2003/10/30 v2.0 Wasy-2 symbol font definitions
)
<Orcid-ID.png, id=184, 220.825pt x 220.825pt>
File: Orcid-ID.png Graphic file (type png)
<use Orcid-ID.png>
Package pdftex.def Info: Orcid-ID.png  used on input line 364.
(pdftex.def)             Requested size: 9.0pt x 8.99997pt.
File: Orcid-ID.png Graphic file (type png)
<use Orcid-ID.png>
Package pdftex.def Info: Orcid-ID.png  used on input line 364.
(pdftex.def)             Requested size: 9.0pt x 8.99997pt.
File: Orcid-ID.png Graphic file (type png)
<use Orcid-ID.png>
Package pdftex.def Info: Orcid-ID.png  used on input line 364.
(pdftex.def)             Requested size: 9.0pt x 8.99997pt.
File: Orcid-ID.png Graphic file (type png)
<use Orcid-ID.png>
Package pdftex.def Info: Orcid-ID.png  used on input line 364.
(pdftex.def)             Requested size: 9.0pt x 8.99997pt.
File: Orcid-ID.png Graphic file (type png)
<use Orcid-ID.png>
Package pdftex.def Info: Orcid-ID.png  used on input line 364.
(pdftex.def)             Requested size: 9.0pt x 8.99997pt.
File: Orcid-ID.png Graphic file (type png)
<use Orcid-ID.png>
Package pdftex.def Info: Orcid-ID.png  used on input line 364.
(pdftex.def)             Requested size: 9.0pt x 8.99997pt.
File: Orcid-ID.png Graphic file (type png)
<use Orcid-ID.png>
Package pdftex.def Info: Orcid-ID.png  used on input line 364.
(pdftex.def)             Requested size: 9.0pt x 8.99997pt.
File: Orcid-ID.png Graphic file (type png)
<use Orcid-ID.png>
Package pdftex.def Info: Orcid-ID.png  used on input line 364.
(pdftex.def)             Requested size: 9.0pt x 8.99997pt.
File: Orcid-ID.png Graphic file (type png)
<use Orcid-ID.png>
Package pdftex.def Info: Orcid-ID.png  used on input line 364.
(pdftex.def)             Requested size: 9.0pt x 8.99997pt.
File: Orcid-ID.png Graphic file (type png)
<use Orcid-ID.png>
Package pdftex.def Info: Orcid-ID.png  used on input line 364.
(pdftex.def)             Requested size: 9.0pt x 8.99997pt.
File: Orcid-ID.png Graphic file (type png)
<use Orcid-ID.png>
Package pdftex.def Info: Orcid-ID.png  used on input line 364.
(pdftex.def)             Requested size: 9.0pt x 8.99997pt.
File: Orcid-ID.png Graphic file (type png)
<use Orcid-ID.png>
Package pdftex.def Info: Orcid-ID.png  used on input line 364.
(pdftex.def)             Requested size: 9.0pt x 8.99997pt.
File: Orcid-ID.png Graphic file (type png)
<use Orcid-ID.png>
Package pdftex.def Info: Orcid-ID.png  used on input line 364.
(pdftex.def)             Requested size: 9.0pt x 8.99997pt.
File: Orcid-ID.png Graphic file (type png)
<use Orcid-ID.png>
Package pdftex.def Info: Orcid-ID.png  used on input line 364.
(pdftex.def)             Requested size: 9.0pt x 8.99997pt.
File: Orcid-ID.png Graphic file (type png)
<use Orcid-ID.png>
Package pdftex.def Info: Orcid-ID.png  used on input line 364.
(pdftex.def)             Requested size: 9.0pt x 8.99997pt.
File: Orcid-ID.png Graphic file (type png)
<use Orcid-ID.png>
Package pdftex.def Info: Orcid-ID.png  used on input line 364.
(pdftex.def)             Requested size: 9.0pt x 8.99997pt.
File: Orcid-ID.png Graphic file (type png)
<use Orcid-ID.png>
Package pdftex.def Info: Orcid-ID.png  used on input line 364.
(pdftex.def)             Requested size: 9.0pt x 8.99997pt.
File: Orcid-ID.png Graphic file (type png)
<use Orcid-ID.png>
Package pdftex.def Info: Orcid-ID.png  used on input line 364.
(pdftex.def)             Requested size: 9.0pt x 8.99997pt.
File: Orcid-ID.png Graphic file (type png)
<use Orcid-ID.png>
Package pdftex.def Info: Orcid-ID.png  used on input line 364.
(pdftex.def)             Requested size: 9.0pt x 8.99997pt.
File: Orcid-ID.png Graphic file (type png)
<use Orcid-ID.png>
Package pdftex.def Info: Orcid-ID.png  used on input line 364.
(pdftex.def)             Requested size: 9.0pt x 8.99997pt.
File: Orcid-ID.png Graphic file (type png)
<use Orcid-ID.png>
Package pdftex.def Info: Orcid-ID.png  used on input line 364.
(pdftex.def)             Requested size: 9.0pt x 8.99997pt.
File: Orcid-ID.png Graphic file (type png)
<use Orcid-ID.png>
Package pdftex.def Info: Orcid-ID.png  used on input line 364.
(pdftex.def)             Requested size: 9.0pt x 8.99997pt.
File: Orcid-ID.png Graphic file (type png)
<use Orcid-ID.png>
Package pdftex.def Info: Orcid-ID.png  used on input line 364.
(pdftex.def)             Requested size: 9.0pt x 8.99997pt.
File: Orcid-ID.png Graphic file (type png)
<use Orcid-ID.png>
Package pdftex.def Info: Orcid-ID.png  used on input line 364.
(pdftex.def)             Requested size: 9.0pt x 8.99997pt.
File: Orcid-ID.png Graphic file (type png)
<use Orcid-ID.png>
Package pdftex.def Info: Orcid-ID.png  used on input line 364.
(pdftex.def)             Requested size: 9.0pt x 8.99997pt.
File: Orcid-ID.png Graphic file (type png)
<use Orcid-ID.png>
Package pdftex.def Info: Orcid-ID.png  used on input line 364.
(pdftex.def)             Requested size: 9.0pt x 8.99997pt.
File: Orcid-ID.png Graphic file (type png)
<use Orcid-ID.png>
Package pdftex.def Info: Orcid-ID.png  used on input line 364.
(pdftex.def)             Requested size: 9.0pt x 8.99997pt.
File: Orcid-ID.png Graphic file (type png)
<use Orcid-ID.png>
Package pdftex.def Info: Orcid-ID.png  used on input line 364.
(pdftex.def)             Requested size: 9.0pt x 8.99997pt.
File: Orcid-ID.png Graphic file (type png)
<use Orcid-ID.png>
Package pdftex.def Info: Orcid-ID.png  used on input line 364.
(pdftex.def)             Requested size: 9.0pt x 8.99997pt.
File: Orcid-ID.png Graphic file (type png)
<use Orcid-ID.png>
Package pdftex.def Info: Orcid-ID.png  used on input line 364.
(pdftex.def)             Requested size: 9.0pt x 8.99997pt.
File: Orcid-ID.png Graphic file (type png)
<use Orcid-ID.png>
Package pdftex.def Info: Orcid-ID.png  used on input line 364.
(pdftex.def)             Requested size: 9.0pt x 8.99997pt.
File: Orcid-ID.png Graphic file (type png)
<use Orcid-ID.png>
Package pdftex.def Info: Orcid-ID.png  used on input line 364.
(pdftex.def)             Requested size: 9.0pt x 8.99997pt.
File: Orcid-ID.png Graphic file (type png)
<use Orcid-ID.png>
Package pdftex.def Info: Orcid-ID.png  used on input line 364.
(pdftex.def)             Requested size: 9.0pt x 8.99997pt.
File: Orcid-ID.png Graphic file (type png)
<use Orcid-ID.png>
Package pdftex.def Info: Orcid-ID.png  used on input line 364.
(pdftex.def)             Requested size: 9.0pt x 8.99997pt.
File: Orcid-ID.png Graphic file (type png)
<use Orcid-ID.png>
Package pdftex.def Info: Orcid-ID.png  used on input line 364.
(pdftex.def)             Requested size: 9.0pt x 8.99997pt.

Overfull \hbox (9.03374pt too wide) in paragraph at lines 364--364
[][] 
 []


Overfull \vbox (13.64609pt too high) has occurred while \output is active []


[1{/usr/local/texlive/2018/texmf-var/fonts/map/pdftex/updmap/pdftex.map} <./Orc
id-ID.png>]

Package natbib Warning: Citation `Gillon2016' on page 2 undefined on input line
 367.


Package natbib Warning: Citation `Gillon2017' on page 2 undefined on input line
 367.


Package natbib Warning: Citation `Luger2017a' on page 2 undefined on input line
 367.


Package natbib Warning: Citation `vanGrootel2018' on page 2 undefined on input 
line 367.


Package natbib Warning: Citation `Jehin2011' on page 2 undefined on input line 
369.


Package natbib Warning: Citation `Gillon2013' on page 2 undefined on input line
 369.


Package natbib Warning: Citation `He2016' on page 2 undefined on input line 369
.


Package natbib Warning: Citation `Sestovic2020' on page 2 undefined on input li
ne 369.


Package natbib Warning: Citation `Sagear2020' on page 2 undefined on input line
 369.


Package natbib Warning: Citation `Barstow2016' on page 2 undefined on input lin
e 381.


Package natbib Warning: Citation `Morley2017' on page 2 undefined on input line
 381.


Package natbib Warning: Citation `Batalha2018' on page 2 undefined on input lin
e 381.


Package natbib Warning: Citation `Krissansen2018' on page 2 undefined on input 
line 381.


Package natbib Warning: Citation `Wunderlich2019' on page 2 undefined on input 
line 381.


Package natbib Warning: Citation `Fauchez2019a' on page 2 undefined on input li
ne 381.


Package natbib Warning: Citation `Lustig-Yaeger2019' on page 2 undefined on inp
ut line 381.


Package natbib Warning: Citation `Agol2017' on page 2 undefined on input line 3
89.


Package natbib Warning: Citation `Valencia2007' on page 2 undefined on input li
ne 391.


Package natbib Warning: Citation `Dorn2018' on page 2 undefined on input line 3
93.


Package natbib Warning: Citation `Unterborn2018a' on page 2 undefined on input 
line 396.


Package natbib Warning: Citation `Lichtenberg2019' on page 2 undefined on input
 line 396.


Package natbib Warning: Citation `Gillon2016' on page 2 undefined on input line
 401.


Package natbib Warning: Citation `Burdanov2018' on page 2 undefined on input li
ne 401.


Package natbib Warning: Citation `Gillon2017' on page 2 undefined on input line
 404.


Package natbib Warning: Citation `Papaloizou2014' on page 2 undefined on input 
line 410.


Overfull \hbox (10.8822pt too wide) in paragraph at lines 410--410
[][]| [] [][][]| 
 []


Package natbib Warning: Citation `Luger2017a' on page 2 undefined on input line
 411.


Package natbib Warning: Citation `Delrez2018a' on page 2 undefined on input lin
e 414.


Package natbib Warning: Citation `Grimm2018' on page 2 undefined on input line 
414.


Package natbib Warning: Citation `Ducrot2020' on page 2 undefined on input line
 416.


Package natbib Warning: Citation `Lithwick2012' on page 2 undefined on input li
ne 435.


Package natbib Warning: Citation `Deck2015' on page 2 undefined on input line 4
35.

[2]

Package natbib Warning: Citation `Gillon2017' on page 3 undefined on input line
 441.


Package natbib Warning: Citation `Grimm2018' on page 3 undefined on input line 
441.


Package natbib Warning: Citation `Grimm2018' on page 3 undefined on input line 
457.

LaTeX Font Info:    Try loading font information for T1+cmtt on input line 471.

(/usr/local/texlive/2018/texmf-dist/tex/latex/base/t1cmtt.fd
File: t1cmtt.fd 2014/09/29 v2.5h Standard LaTeX font definitions
)
Underfull \hbox (badness 10000) in paragraph at lines 471--478
\T1/cmtt/m/n/10 https://github.com/ericagol/TRAPPIST1_Spitzer\T1/cmr/m/n/10 .
 []


Underfull \hbox (badness 10000) in paragraph at lines 471--478
\T1/cmr/m/n/10 The 3.2 GB \T1/cmtt/m/n/10 data/ \T1/cmr/m/n/10 di-rec-tory in t
he repos-i-
 []


Underfull \hbox (badness 2285) in paragraph at lines 471--478
\T1/cmr/m/n/10 tory may be found as a zip file, \T1/cmtt/m/n/10 data.zip\T1/cmr
/m/n/10 , at
 []


Overfull \hbox (2.16982pt too wide) in paragraph at lines 471--478
\T1/cmtt/m/n/7 https://drive.google.com/file/d/14iEW6jupY8dnGlYGXJIrWlFftdwRcfL
o\T1/cmr/m/n/10 .
 []


Package natbib Warning: Citation `Grimm2018' on page 3 undefined on input line 
481.

./refining_trappist1_ttvs.tex:487: Missing $ inserted.
<inserted text> 
                $
l.487 ...asured as a Barycentric Julian Date (BJD_
                                                  {TDB}), correcting for the...

? 

./refining_trappist1_ttvs.tex:487: LaTeX Error: Command \bfseries invalid in ma
th mode.

See the LaTeX manual or LaTeX Companion for explanation.
Type  H <return>  for immediate help.
 ...                                              
                                                  
l.487 ...lar System barycenter \citep{Eastman2010}
                                                  .
? 

Package natbib Warning: Citation `Eastman2010' on page 3 undefined on input lin
e 487.

./refining_trappist1_ttvs.tex:488: Missing $ inserted.
<inserted text> 
                $
l.488 
      
? 

Underfull \hbox (badness 1708) in paragraph at lines 481--488
[]\T1/cmr/m/n/10 Since the work de-scribed in \T1/cmr/bx/n/10 ? \T1/cmr/m/n/10 
based on 284
 []


Underfull \hbox (badness 2409) in paragraph at lines 481--488
\T1/cmr/m/n/10 tran-sits, we have added an ad-di-tional 163 tran-
 []


Overfull \hbox (204.36955pt too wide) in paragraph at lines 481--488
\T1/cmr/m/n/10 (BJD$[]\OT1/cmr/m/n/10 )\OML/cmm/m/it/10 ; correctingforthelocat
ionoftheEarth=spacecraftrelativetotheSolarSystembarycenter\OT1/cmr/m/n/10 ([])\
OML/cmm/m/it/10 :$ 
 []


Package natbib Warning: Citation `Ducrot2020' on page 3 undefined on input line
 501.


Overfull \hbox (10.8822pt too wide) in paragraph at lines 501--501
[][]| [] [][][]| 
 []


Package natbib Warning: Citation `Carey2004' on page 3 undefined on input line 
502.


Package natbib Warning: Citation `Knutson2008' on page 3 undefined on input lin
e 502.


Package natbib Warning: Citation `Ingalls2016' on page 3 undefined on input lin
e 502.


Overfull \hbox (10.8822pt too wide) in paragraph at lines 502--502
[][]| [] [][][]| 
 []


Package natbib Warning: Citation `Delrez2018a' on page 3 undefined on input lin
e 502.


Package natbib Warning: Citation `Ducrot2020' on page 3 undefined on input line
 502.

[3]

Package natbib Warning: Citation `Burdanov2018' on page 4 undefined on input li
ne 510.


Package natbib Warning: Citation `Jehin2018' on page 4 undefined on input line 
510.


Package natbib Warning: Citation `Gillon2018' on page 4 undefined on input line
 510.


Package natbib Warning: Citation `Delrez2018b' on page 4 undefined on input lin
e 510.


Package natbib Warning: Citation `Jehin2011' on page 4 undefined on input line 
510.


Package natbib Warning: Citation `Gillon2011' on page 4 undefined on input line
 510.


Package natbib Warning: Citation `Barkaoui2019AJ' on page 4 undefined on input 
line 510.


Package natbib Warning: Citation `Murray2020' on page 4 undefined on input line
 510.


Package natbib Warning: Citation `Steele2004' on page 4 undefined on input line
 511.


Package natbib Warning: Citation `Casali2007' on page 4 undefined on input line
 511.


Package natbib Warning: Citation `Tinney2004' on page 4 undefined on input line
 511.


Package natbib Warning: Citation `Siebenmorgen2011' on page 4 undefined on inpu
t line 511.


Package natbib Warning: Citation `Gillon2016' on page 4 undefined on input line
 512.


Package natbib Warning: Citation `Ducrot2018' on page 4 undefined on input line
 512.


Package natbib Warning: Citation `Gillon2017' on page 4 undefined on input line
 512.


Package natbib Warning: Citation `Burdanov2019' on page 4 undefined on input li
ne 512.


Package natbib Warning: Citation `Stetson1987' on page 4 undefined on input lin
e 514.


Package natbib Warning: Citation `Gillon2016' on page 4 undefined on input line
 533.


Package natbib Warning: Citation `Gillon2017' on page 4 undefined on input line
 533.


Package natbib Warning: Citation `Grimm2018' on page 4 undefined on input line 
533.


Package natbib Warning: Citation `deWit2016' on page 4 undefined on input line 
533.


Package natbib Warning: Citation `deWit2018' on page 4 undefined on input line 
533.


Package natbib Warning: Citation `Delrez2018a' on page 4 undefined on input lin
e 533.


Package natbib Warning: Citation `Ducrot2018' on page 4 undefined on input line
 533.


Package natbib Warning: Citation `Burdanov2019' on page 4 undefined on input li
ne 533.


Package natbib Warning: Citation `Ducrot2020' on page 4 undefined on input line
 533.


Package natbib Warning: Citation `Gillon2016' on page 4 undefined on input line
 533.


Package natbib Warning: Citation `Gillon2017' on page 4 undefined on input line
 533.


Package natbib Warning: Citation `Grimm2018' on page 4 undefined on input line 
533.


Package natbib Warning: Citation `deWit2016' on page 4 undefined on input line 
533.


Package natbib Warning: Citation `deWit2018' on page 4 undefined on input line 
533.


Package natbib Warning: Citation `Delrez2018a' on page 4 undefined on input lin
e 533.


Package natbib Warning: Citation `Ducrot2018' on page 4 undefined on input line
 533.


Package natbib Warning: Citation `Burdanov2019' on page 4 undefined on input li
ne 533.


Package natbib Warning: Citation `Ducrot2020' on page 4 undefined on input line
 533.


Package natbib Warning: Citation `Howell2014' on page 4 undefined on input line
 541.


Package natbib Warning: Citation `Luger2017a' on page 4 undefined on input line
 541.


Package natbib Warning: Citation `Grimm2018' on page 4 undefined on input line 
541.


Package natbib Warning: Citation `Grimm2018' on page 4 undefined on input line 
543.


Package natbib Warning: Citation `deWit2016' on page 4 undefined on input line 
543.


Package natbib Warning: Citation `deWit2018' on page 4 undefined on input line 
543.


Package natbib Warning: Citation `Wakeford2019' on page 4 undefined on input li
ne 543.


Package natbib Warning: Citation `Ducrot2020' on page 4 undefined on input line
 551.


Package natbib Warning: Citation `Ducrot2020' on page 4 undefined on input line
 552.


Underfull \hbox (badness 1584) in paragraph at lines 549--554
[]\T1/cmr/m/n/10 Assembling the het-ero-ge-neous sam-ple of tran-sits
 []

[4]

Package natbib Warning: Citation `JontofHutter2016' on page 5 undefined on inpu
t line 613.


Package natbib Warning: Citation `Hogg2010' on page 5 undefined on input line 6
23.


Package natbib Warning: Citation `ForemanMackey2014' on page 5 undefined on inp
ut line 623.


Package natbib Warning: Citation `JontofHutter2016' on page 5 undefined on inpu
t line 624.


Package natbib Warning: Citation `JontofHutter2016' on page 5 undefined on inpu
t line 643.


LaTeX Warning: File `figures/Students_t_optimized.pdf' not found on input line 
664.


./refining_trappist1_ttvs.tex:664: Package pdftex.def Error: File `figures/Stud
ents_t_optimized.pdf' not found: using draft setting.

See the pdftex.def package documentation for explanation.
Type  H <return>  for immediate help.
 ...                                              
                                                  
l.664 ...\hsize]{figures/Students_t_optimized.pdf}
                                                  
? 
LaTeX Font Info:    Try loading font information for U+fontawesomeone on input 
line 673.
(/usr/local/texlive/2018/texmf-dist/tex/latex/fontawesome/ufontawesomeone.fd
File: ufontawesomeone.fd 2016/05/22 Font definitions for U/fontawesomeone.
)
[5]
LaTeX Font Info:    Try loading font information for T1+cmss on input line 690.

 (/usr/local/texlive/2018/texmf-dist/tex/latex/base/t1cmss.fd
File: t1cmss.fd 2014/09/29 v2.5h Standard LaTeX font definitions
)

Package natbib Warning: Citation `Hernandez2015' on page 6 undefined on input l
ine 690.


Package natbib Warning: Citation `GoncalvesFerrari2014' on page 6 undefined on 
input line 690.


Underfull \hbox (badness 10000) in paragraph at lines 691--691
[]\T1/cmr/m/n/8 The code may be found at
 []


Overfull \hbox (10.8822pt too wide) in paragraph at lines 691--691
[][]| [] [][][]| 
 []


Package natbib Warning: Citation `Wisdom1991' on page 6 undefined on input line
 692.


Package natbib Warning: Citation `Hernandez2017' on page 6 undefined on input l
ine 692.


Package natbib Warning: Citation `Wisdom2015' on page 6 undefined on input line
 693.


Package natbib Warning: Citation `Hernandez2015' on page 6 undefined on input l
ine 695.


Package natbib Warning: Citation `Dehnen2017' on page 6 undefined on input line
 695.


Package natbib Warning: Citation `Agol2020' on page 6 undefined on input line 6
99.


Overfull \hbox (10.8822pt too wide) in paragraph at lines 707--707
[][]| [] [][][]| 
 []


Package natbib Warning: Citation `Wisdom1991' on page 6 undefined on input line
 726.


Package natbib Warning: Citation `Fabrycky2010' on page 6 undefined on input li
ne 735.


Package natbib Warning: Citation `Fisher1925' on page 6 undefined on input line
 754.

[6] [7]
Overfull \hbox (10.8822pt too wide) in paragraph at lines 803--803
[][]| [] [][][]| 
 []


Package natbib Warning: Citation `Eastman2013' on page 8 undefined on input lin
e 823.


Underfull \hbox (badness 5302) in paragraph at lines 842--849
\T1/cmr/m/n/10 where the val-ues of $\OML/cmm/m/it/10 ^^X[][]^^X[]$ \T1/cmr/m/n
/10 for each pa-ram-e-ter
 []

[8]

Package natbib Warning: Citation `Duane1987' on page 9 undefined on input line 
860.


Package natbib Warning: Citation `Neal2011' on page 9 undefined on input line 8
60.


Package natbib Warning: Citation `Betancourt2017' on page 9 undefined on input 
line 860.


Package natbib Warning: Citation `Monnahan2016' on page 9 undefined on input li
ne 860.


Overfull \hbox (10.8822pt too wide) in paragraph at lines 864--864
[][]| [] [][][]| 
 []


Package natbib Warning: Citation `Agol2020' on page 9 undefined on input line 8
73.


Package natbib Warning: Citation `Revels2016' on page 9 undefined on input line
 880.

[9]

Package natbib Warning: Citation `Deck2015' on page 10 undefined on input line 
938.


LaTeX Warning: File `figures/T1_ttvs_4panel_stacked.pdf' not found on input lin
e 945.


./refining_trappist1_ttvs.tex:945: Package pdftex.def Error: File `figures/T1_t
tvs_4panel_stacked.pdf' not found: using draft setting.

See the pdftex.def package documentation for explanation.
Type  H <return>  for immediate help.
 ...                                              
                                                  
l.945 ...size]{figures/T1_ttvs_4panel_stacked.pdf}
                                                  
? 

LaTeX Warning: File `figures/T1_chopping.pdf' not found on input line 960.


./refining_trappist1_ttvs.tex:960: Package pdftex.def Error: File `figures/T1_c
hopping.pdf' not found: using draft setting.

See the pdftex.def package documentation for explanation.
Type  H <return>  for immediate help.
 ...                                              
                                                  
l.960 ...cs[width=\hsize]{figures/T1_chopping.pdf}
                                                  
? 

Package natbib Warning: Citation `Agol2005' on page 10 undefined on input line 
964.


Package natbib Warning: Citation `Deck2015' on page 10 undefined on input line 
964.


Package natbib Warning: Citation `Agol2005' on page 10 undefined on input line 
964.


Package natbib Warning: Citation `Deck2015' on page 10 undefined on input line 
964.

./refining_trappist1_ttvs.tex:973: Missing $ inserted.
<inserted text> 
                $
l.973 ... BJD_{TDB} $-2,450,000 = 7257.93115525$.}
                                                  
? 
./refining_trappist1_ttvs.tex:973: Extra }, or forgotten $.
<argument> ...{TDB} $-2,450,000 = 7257.93115525$.}
                                                  \fi 
l.973 ... BJD_{TDB} $-2,450,000 = 7257.93115525$.}
                                                  
? 
./refining_trappist1_ttvs.tex:973: Missing $ inserted.
<inserted text> 
                $
l.973 ... BJD_{TDB} $-2,450,000 = 7257.93115525$.}
                                                  
? 
./refining_trappist1_ttvs.tex:973: Missing } inserted.
<inserted text> 
                }
l.973 ... BJD_{TDB} $-2,450,000 = 7257.93115525$.}
                                                  
? 
./refining_trappist1_ttvs.tex:973: Missing $ inserted.
<inserted text> 
                $
l.973 ... BJD_{TDB} $-2,450,000 = 7257.93115525$.}
                                                  
? 
./refining_trappist1_ttvs.tex:973: Extra }, or forgotten $.
<argument> ...{TDB} $-2,450,000 = 7257.93115525$.}
                                                  \fi 
l.973 ... BJD_{TDB} $-2,450,000 = 7257.93115525$.}
                                                  
? 
./refining_trappist1_ttvs.tex:973: Missing $ inserted.
<inserted text> 
                $
l.973 ... BJD_{TDB} $-2,450,000 = 7257.93115525$.}
                                                  
? 
./refining_trappist1_ttvs.tex:973: Missing } inserted.
<inserted text> 
                }
l.973 ... BJD_{TDB} $-2,450,000 = 7257.93115525$.}
                                                  
? 
./refining_trappist1_ttvs.tex:978: Missing $ inserted.
<inserted text> 
                $
l.978 ...      & [day]                     & [BJD_
                                                  {TDB}-2,450,000]          ...

? 
./refining_trappist1_ttvs.tex:978: Missing $ inserted.
<inserted text> 
                $
l.978 ...      & [BJD_{TDB}-2,450,000]           &
                                                                           &...

? 

Overfull \hbox (19.73543pt too wide) in paragraph at lines 975--989
 []$ 
 []


Package natbib Warning: Citation `Grimm2018' on page 10 undefined on input line
 1009.


Package natbib Warning: Citation `Grimm2018' on page 10 undefined on input line
 1016.


Package natbib Warning: Citation `Grimm2018' on page 10 undefined on input line
 1016.


Package natbib Warning: Citation `Ford2006' on page 10 undefined on input line 
1047.


LaTeX Warning: File `figures/T1_masses_03312020.pdf' not found on input line 10
51.


./refining_trappist1_ttvs.tex:1051: Package pdftex.def Error: File `figures/T1_
masses_03312020.pdf' not found: using draft setting.

See the pdftex.def package documentation for explanation.
Type  H <return>  for immediate help.
 ...                                              
                                                  
l.1051 ...=\hsize]{figures/T1_masses_03312020.pdf}
                                                  
? 

Package natbib Warning: Citation `Grimm2018' on page 10 undefined on input line
 1056.


Package natbib Warning: Citation `Grimm2018' on page 10 undefined on input line
 1056.


LaTeX Warning: File `figures/T1_eccentricity_vectors_likelihood_profile_hmc.pdf
' not found on input line 1062.


./refining_trappist1_ttvs.tex:1062: Package pdftex.def Error: File `figures/T1_
eccentricity_vectors_likelihood_profile_hmc.pdf' not found: using draft setting
.

See the pdftex.def package documentation for explanation.
Type  H <return>  for immediate help.
 ...                                              
                                                  
l.1062 ...city_vectors_likelihood_profile_hmc.pdf}
                                                  
? 

LaTeX Warning: File `figures/T1_students_params_transformed.pdf' not found on i
nput line 1073.


./refining_trappist1_ttvs.tex:1073: Package pdftex.def Error: File `figures/T1_
students_params_transformed.pdf' not found: using draft setting.

See the pdftex.def package documentation for explanation.
Type  H <return>  for immediate help.
 ...                                              
                                                  
l.1073 ...ures/T1_students_params_transformed.pdf}
                                                  
? 

Package natbib Warning: Citation `JontofHutter2016' on page 10 undefined on inp
ut line 1083.


Package natbib Warning: Citation `Grimm2014' on page 10 undefined on input line
 1090.


Package natbib Warning: Citation `terBraak2006' on page 10 undefined on input l
ine 1090.


Package natbib Warning: Citation `Grimm2018' on page 10 undefined on input line
 1090.

[10]

Package natbib Warning: Citation `Seager2003' on page 11 undefined on input lin
e 1104.


Package natbib Warning: Citation `Kipping2012a' on page 11 undefined on input l
ine 1106.

[11] [12]

LaTeX Warning: A float is stuck (cannot be placed) on input line 1111.

[13]

LaTeX Warning: A float is stuck (cannot be placed) on input line 1111.


Class revtex4-1 Warning: Deferred float stuck during \clearpage processing.

[14]

LaTeX Warning: A float is stuck (cannot be placed) on input line 1111.

[15]

LaTeX Warning: A float is stuck (cannot be placed) on input line 1111.


Class revtex4-1 Warning: Deferred float stuck during \clearpage processing.


Package natbib Warning: Citation `Carter2012' on page 16 undefined on input lin
e 1112.


Package natbib Warning: Citation `Agol2019' on page 16 undefined on input line 
1136.


Package natbib Warning: Citation `Ducrot2020' on page 16 undefined on input lin
e 1142.


Package natbib Warning: Citation `Kipping2013' on page 16 undefined on input li
ne 1147.


Package natbib Warning: Citation `Agol2019' on page 16 undefined on input line 
1147.


Package natbib Warning: Citation `Goodman2010' on page 16 undefined on input li
ne 1155.


Underfull \hbox (badness 10000) in paragraph at lines 1156--1156
[]\T1/cmr/m/n/8 As im-ple-mented in the pack-age
 []


Overfull \hbox (10.8822pt too wide) in paragraph at lines 1156--1156
[][]| [] [][][]| 
 []


Overfull \hbox (10.8822pt too wide) in paragraph at lines 1164--1164
[][]| [] [][][]| 
 []

[16]

LaTeX Warning: A float is stuck (cannot be placed) on input line 1191.


LaTeX Warning: A float is stuck (cannot be placed) on input line 1191.


Class revtex4-1 Warning: Deferred float stuck during \clearpage processing.


LaTeX Warning: File `figures/T1_riverplot.pdf' not found on input line 1194.


./refining_trappist1_ttvs.tex:1194: Package pdftex.def Error: File `figures/T1_
riverplot.pdf' not found: using draft setting.

See the pdftex.def package documentation for explanation.
Type  H <return>  for immediate help.
 ...                                              
                                                  
l.1194 ...[width=\hsize]{figures/T1_riverplot.pdf}
                                                  
? 

Package natbib Warning: Citation `Delrez2018a' on page 17 undefined on input li
ne 1218.


Package natbib Warning: Citation `Luger2017b' on page 17 undefined on input lin
e 1256.


Package natbib Warning: Citation `Ducrot2020' on page 17 undefined on input lin
e 1277.

[17] [18]

LaTeX Warning: File `figures/impact_parameter_noprior.pdf' not found on input l
ine 1286.


./refining_trappist1_ttvs.tex:1286: Package pdftex.def Error: File `figures/imp
act_parameter_noprior.pdf' not found: using draft setting.

See the pdftex.def package documentation for explanation.
Type  H <return>  for immediate help.
 ...                                              
                                                  
l.1286 ...e]{figures/impact_parameter_noprior.pdf}
                                                  
? 

LaTeX Warning: File `figures/stellar_density_noprior.pdf' not found on input li
ne 1294.


./refining_trappist1_ttvs.tex:1294: Package pdftex.def Error: File `figures/ste
llar_density_noprior.pdf' not found: using draft setting.

See the pdftex.def package documentation for explanation.
Type  H <return>  for immediate help.
 ...                                              
                                                  
l.1294 ...ze]{figures/stellar_density_noprior.pdf}
                                                  
? 

LaTeX Warning: File `figures/inclination_noprior.pdf' not found on input line 1
302.


./refining_trappist1_ttvs.tex:1302: Package pdftex.def Error: File `figures/inc
lination_noprior.pdf' not found: using draft setting.

See the pdftex.def package documentation for explanation.
Type  H <return>  for immediate help.
 ...                                              
                                                  
l.1302 ...\hsize]{figures/inclination_noprior.pdf}
                                                  
? 

LaTeX Warning: File `figures/inclination_nouprior_incprior.pdf' not found on in
put line 1311.


./refining_trappist1_ttvs.tex:1311: Package pdftex.def Error: File `figures/inc
lination_nouprior_incprior.pdf' not found: using draft setting.

See the pdftex.def package documentation for explanation.
Type  H <return>  for immediate help.
 ...                                              
                                                  
l.1311 ...gures/inclination_nouprior_incprior.pdf}
                                                  
? 

Package natbib Warning: Citation `JontofHutter2018' on page 19 undefined on inp
ut line 1350.

[19]

Package natbib Warning: Citation `Mann2019' on page 20 undefined on input line 
1357.


Overfull \hbox (14.54797pt too wide) in paragraph at lines 1358--1358
[][]| [] [][][]| 
 []

<figures/Figure_MR_v8.png, id=484, 853.5087pt x 711.3777pt>
File: figures/Figure_MR_v8.png Graphic file (type png)
<use figures/Figure_MR_v8.png>
Package pdftex.def Info: figures/Figure_MR_v8.png  used on input line 1378.
(pdftex.def)             Requested size: 513.11743pt x 427.66573pt.

Package natbib Warning: Citation `Dorn2016' on page 20 undefined on input line 
1390.


Package natbib Warning: Citation `Unterborn2018a' on page 20 undefined on input
 line 1390.


Package natbib Warning: Citation `Turbet2020' on page 20 undefined on input lin
e 1390.


Package natbib Warning: Citation `Dorn2016' on page 20 undefined on input line 
1390.


Package natbib Warning: Citation `Unterborn2018a' on page 20 undefined on input
 line 1390.


Package natbib Warning: Citation `Turbet2020' on page 20 undefined on input lin
e 1390.


Package natbib Warning: Citation `Mann2019' on page 20 undefined on input line 
1425.


Package natbib Warning: Citation `vanGrootel2018' on page 20 undefined on input
 line 1426.


Package natbib Warning: Citation `Ducrot2020' on page 20 undefined on input lin
e 1428.


Package natbib Warning: Citation `Mann2019' on page 20 undefined on input line 
1431.


Package natbib Warning: Citation `Burgasser2017' on page 20 undefined on input 
line 1432.


Package natbib Warning: Citation `Mann2019' on page 20 undefined on input line 
1442.


Package natbib Warning: Citation `Ducrot2020' on page 20 undefined on input lin
e 1444.


Package natbib Warning: Citation `Delrez2018a' on page 20 undefined on input li
ne 1452.


Package natbib Warning: Citation `Ducrot2020' on page 20 undefined on input lin
e 1452.


Package natbib Warning: Citation `Allard2011' on page 20 undefined on input lin
e 1452.


Package natbib Warning: Citation `Allard2012' on page 20 undefined on input lin
e 1452.


Package natbib Warning: Citation `Juncher2017' on page 20 undefined on input li
ne 1452.

[20]

LaTeX Warning: File `figures/limb_darkening_nouprior.pdf' not found on input li
ne 1458.


./refining_trappist1_ttvs.tex:1458: Package pdftex.def Error: File `figures/lim
b_darkening_nouprior.pdf' not found: using draft setting.

See the pdftex.def package documentation for explanation.
Type  H <return>  for immediate help.
 ...                                              
                                                  
l.1458 ...ze]{figures/limb_darkening_nouprior.pdf}
                                                  
? 

Package natbib Warning: Citation `Ducrot2020' on page 21 undefined on input lin
e 1460.


Package natbib Warning: Citation `Ducrot2020' on page 21 undefined on input lin
e 1460.


Package natbib Warning: Citation `Ducrot2020' on page 21 undefined on input lin
e 1465.


Package natbib Warning: Citation `Mann2019' on page 21 undefined on input line 
1466.


Package natbib Warning: Citation `Papaloizou2014' on page 21 undefined on input
 line 1515.


Package natbib Warning: Citation `Luger2017a' on page 21 undefined on input lin
e 1521.


Package natbib Warning: Citation `Pletser2017' on page 21 undefined on input li
ne 1522.


Package natbib Warning: Citation `Kipping2018' on page 21 undefined on input li
ne 1523.


Package natbib Warning: Citation `Ducrot2020' on page 21 undefined on input lin
e 1523.

[21 <./figures/Figure_MR_v8.png (PNG copy)>] [22]

Package natbib Warning: Citation `Wit2012' on page 23 undefined on input line 1
572.


LaTeX Warning: File `figures/Planet_i_properties.pdf' not found on input line 1
607.


./refining_trappist1_ttvs.tex:1607: Package pdftex.def Error: File `figures/Pla
net_i_properties.pdf' not found: using draft setting.

See the pdftex.def package documentation for explanation.
Type  H <return>  for immediate help.
 ...                                              
                                                  
l.1607 ...\hsize]{figures/Planet_i_properties.pdf}
                                                  
? 
[23]

Package natbib Warning: Citation `Unterborn2018a' on page 24 undefined on input
 line 1627.


Package natbib Warning: Citation `Lodders2009' on page 24 undefined on input li
ne 1627.


Package natbib Warning: Citation `ElkinsTanton2008' on page 24 undefined on inp
ut line 1627.


Package natbib Warning: Citation `Dorn2016' on page 24 undefined on input line 
1627.


Package natbib Warning: Citation `Turbet2020' on page 24 undefined on input lin
e 1627.


Underfull \hbox (badness 1762) in paragraph at lines 1629--1630
\T1/cmr/m/n/10 the-o-ret-i-cal mass-radius re-la-tion-ships re-veals sev-eral
 []


LaTeX Warning: File `figures/plot_normalized_density_agol_et_al.pdf' not found 
on input line 1634.


./refining_trappist1_ttvs.tex:1634: Package pdftex.def Error: File `figures/plo
t_normalized_density_agol_et_al.pdf' not found: using draft setting.

See the pdftex.def package documentation for explanation.
Type  H <return>  for immediate help.
 ...                                              
                                                  
l.1634 .../plot_normalized_density_agol_et_al.pdf}
                                                  
? 

Package natbib Warning: Citation `Zeng2016' on page 24 undefined on input line 
1641.


LaTeX Warning: File `figures/Norm_dens_vs_period.pdf' not found on input line 1
649.


./refining_trappist1_ttvs.tex:1649: Package pdftex.def Error: File `figures/Nor
m_dens_vs_period.pdf' not found: using draft setting.

See the pdftex.def package documentation for explanation.
Type  H <return>  for immediate help.
 ...                                              
                                                  
l.1649 ...\hsize]{figures/Norm_dens_vs_period.pdf}
                                                  
? 
[24]

LaTeX Warning: A float is stuck (cannot be placed) on input line 1663.


LaTeX Warning: A float is stuck (cannot be placed) on input line 1663.


Class revtex4-1 Warning: Deferred float stuck during \clearpage processing.


Package natbib Warning: Citation `Zeng2016' on page 25 undefined on input line 
1670.


Overfull \hbox (14.54797pt too wide) in paragraph at lines 1670--1670
[][]| [] [][][]| 
 []


Underfull \hbox (badness 4739) in paragraph at lines 1670--1671
[]\T1/cmr/m/n/10 We eval-u-ated the core mass frac-tions of the
 []


LaTeX Warning: File `figures/Norm_cmf_vs_period.pdf' not found on input line 16
79.


./refining_trappist1_ttvs.tex:1679: Package pdftex.def Error: File `figures/Nor
m_cmf_vs_period.pdf' not found: using draft setting.

See the pdftex.def package documentation for explanation.
Type  H <return>  for immediate help.
 ...                                              
                                                  
l.1679 ...=\hsize]{figures/Norm_cmf_vs_period.pdf}
                                                  
? 

Package natbib Warning: Citation `McDonough2014' on page 25 undefined on input 
line 1682.


Package natbib Warning: Citation `Khan2018' on page 25 undefined on input line 
1682.


Package natbib Warning: Citation `Barr2016' on page 25 undefined on input line 
1682.


Package natbib Warning: Citation `Palme2014' on page 25 undefined on input line
 1682.


Package natbib Warning: Citation `McDonough2014' on page 25 undefined on input 
line 1682.


Package natbib Warning: Citation `Khan2018' on page 25 undefined on input line 
1682.


Package natbib Warning: Citation `Barr2016' on page 25 undefined on input line 
1682.


Package natbib Warning: Citation `Palme2014' on page 25 undefined on input line
 1682.

[25]
<figures/figure_water_period_TTV_trim.png, id=561, 619.3539pt x 428.5611pt>
File: figures/figure_water_period_TTV_trim.png Graphic file (type png)
<use figures/figure_water_period_TTV_trim.png>
Package pdftex.def Info: figures/figure_water_period_TTV_trim.png  used on inpu
t line 1701.
(pdftex.def)             Requested size: 242.26653pt x 167.63513pt.


Package natbib Warning: Citation `Turbet2020' on page 26 undefined on input lin
e 1710.


Overfull \hbox (14.54797pt too wide) in paragraph at lines 1710--1710
[][]| [] [][][]| 
 []


Package natbib Warning: Citation `Kopparapu2013' on page 26 undefined on input 
line 1714.


Package natbib Warning: Citation `Wolf2017' on page 26 undefined on input line 
1714.


Package natbib Warning: Citation `Turbet2018' on page 26 undefined on input lin
e 1714.


Package natbib Warning: Citation `Turbet2019' on page 26 undefined on input lin
e 1714.


Package natbib Warning: Citation `Turbet2020' on page 26 undefined on input lin
e 1714.


Package natbib Warning: Citation `Unterborn2018a' on page 26 undefined on input
 line 1718.


Package natbib Warning: Citation `Lissauer2007' on page 26 undefined on input l
ine 1718.


Package natbib Warning: Citation `Bolmont2017' on page 26 undefined on input li
ne 1718.


Package natbib Warning: Citation `Bourrier2017' on page 26 undefined on input l
ine 1718.


Package natbib Warning: Citation `ElkinsTanton2008' on page 26 undefined on inp
ut line 1723.


Package natbib Warning: Citation `McDonough2014' on page 26 undefined on input 
line 1725.


Package natbib Warning: Citation `ElkinsTanton2008' on page 26 undefined on inp
ut line 1726.


Package natbib Warning: Citation `Wang2019' on page 26 undefined on input line 
1726.

[26 <./figures/figure_water_period_TTV_trim.png>]

Package natbib Warning: Citation `Vida_2017' on page 27 undefined on input line
 1737.


Package natbib Warning: Citation `Ducrot2020' on page 27 undefined on input lin
e 1737.


Package natbib Warning: Citation `Ducrot2020' on page 27 undefined on input lin
e 1737.


Package natbib Warning: Citation `Scora2020' on page 27 undefined on input line
 1765.


Package natbib Warning: Citation `Rackham2018' on page 27 undefined on input li
ne 1777.


Package natbib Warning: Citation `Kipping2012b' on page 27 undefined on input l
ine 1777.


Package natbib Warning: Citation `Morris2018d' on page 27 undefined on input li
ne 1782.


Package natbib Warning: Citation `Wakeford2019' on page 27 undefined on input l
ine 1782.


Package natbib Warning: Citation `Morris2018b' on page 27 undefined on input li
ne 1784.


Package natbib Warning: Citation `Morris2018c' on page 27 undefined on input li
ne 1784.


Package natbib Warning: Citation `Morris2018c' on page 27 undefined on input li
ne 1787.


Package natbib Warning: Citation `Rackham2018' on page 27 undefined on input li
ne 1789.


Package natbib Warning: Citation `Wakeford2019' on page 27 undefined on input l
ine 1789.

[27]

Package natbib Warning: Citation `Grimm2018' on page 28 undefined on input line
 1798.


Package natbib Warning: Citation `Akeson2013' on page 28 undefined on input lin
e 1822.


Package natbib Warning: Citation `Christiansen2018' on page 28 undefined on inp
ut line 1822.


Package natbib Warning: Citation `Dai2019' on page 28 undefined on input line 1
823.


Package natbib Warning: Citation `Dressing2015' on page 28 undefined on input l
ine 1823.


Package natbib Warning: Citation `Berger2018' on page 28 undefined on input lin
e 1824.


Package natbib Warning: Citation `Fulton2018' on page 28 undefined on input lin
e 1824.


Overfull \hbox (14.54797pt too wide) in paragraph at lines 1824--1824
[][]| [] [][][]| 
 []


Package natbib Warning: Citation `Dressing2015' on page 28 undefined on input l
ine 1830.


Package natbib Warning: Citation `Owen2017' on page 28 undefined on input line 
1833.


LaTeX Warning: File `figures/mass_radius_relation_comparison.pdf' not found on 
input line 1837.


./refining_trappist1_ttvs.tex:1837: Package pdftex.def Error: File `figures/mas
s_radius_relation_comparison.pdf' not found: using draft setting.

See the pdftex.def package documentation for explanation.
Type  H <return>  for immediate help.
 ...                                              
                                                  
l.1837 ...res/mass_radius_relation_comparison.pdf}
                                                  
? 

Package natbib Warning: Citation `Dressing2015' on page 28 undefined on input l
ine 1842.


Package natbib Warning: Citation `Dai2019' on page 28 undefined on input line 1
842.


Package natbib Warning: Citation `Dressing2015' on page 28 undefined on input l
ine 1842.


Package natbib Warning: Citation `Dai2019' on page 28 undefined on input line 1
842.


Package natbib Warning: Citation `Hirano2020' on page 28 undefined on input lin
e 1864.


Package natbib Warning: Citation `Klein2019' on page 28 undefined on input line
 1875.


Package natbib Warning: Citation `Feng2017' on page 28 undefined on input line 
1886.


LaTeX Warning: File `figures/Equivalent_RV_precision.pdf' not found on input li
ne 1910.


./refining_trappist1_ttvs.tex:1910: Package pdftex.def Error: File `figures/Equ
ivalent_RV_precision.pdf' not found: using draft setting.

See the pdftex.def package documentation for explanation.
Type  H <return>  for immediate help.
 ...                                              
                                                  
l.1910 ...ze]{figures/Equivalent_RV_precision.pdf}
                                                  
? 

Package natbib Warning: Citation `Hirano2020' on page 28 undefined on input lin
e 1916.


Package natbib Warning: Citation `Hirano2020' on page 28 undefined on input lin
e 1916.


Package natbib Warning: Citation `Grimm2018' on page 28 undefined on input line
 1935.


Package natbib Warning: Citation `Luger2017a' on page 28 undefined on input lin
e 1940.


Package natbib Warning: Citation `Turbet2018' on page 28 undefined on input lin
e 1940.


Package natbib Warning: Citation `Luger2017b' on page 28 undefined on input lin
e 1942.

[28] [29]

LaTeX Warning: A float is stuck (cannot be placed) on input line 1943.

[30]

LaTeX Warning: A float is stuck (cannot be placed) on input line 1943.


Class revtex4-1 Warning: Deferred float stuck during \clearpage processing.

[31]

LaTeX Warning: File `figures/eccentricity_posterior.pdf' not found on input lin
e 1946.


./refining_trappist1_ttvs.tex:1946: Package pdftex.def Error: File `figures/ecc
entricity_posterior.pdf' not found: using draft setting.

See the pdftex.def package documentation for explanation.
Type  H <return>  for immediate help.
 ...                                              
                                                  
l.1946 ...ize]{figures/eccentricity_posterior.pdf}
                                                  
? 

LaTeX Warning: File `figures/esin_vs_ecos.pdf' not found on input line 1960.


./refining_trappist1_ttvs.tex:1960: Package pdftex.def Error: File `figures/esi
n_vs_ecos.pdf' not found: using draft setting.

See the pdftex.def package documentation for explanation.
Type  H <return>  for immediate help.
 ...                                              
                                                  
l.1960 ...[width=\hsize]{figures/esin_vs_ecos.pdf}
                                                  
? 

LaTeX Warning: File `figures/T1_evector_forced.pdf' not found on input line 199
3.


./refining_trappist1_ttvs.tex:1993: Package pdftex.def Error: File `figures/T1_
evector_forced.pdf' not found: using draft setting.

See the pdftex.def package documentation for explanation.
Type  H <return>  for immediate help.
 ...                                              
                                                  
l.1993 ...h=\hsize]{figures/T1_evector_forced.pdf}
                                                  
? 

LaTeX Warning: File `figures/T1_evector.pdf' not found on input line 2001.


./refining_trappist1_ttvs.tex:2001: Package pdftex.def Error: File `figures/T1_
evector.pdf' not found: using draft setting.

See the pdftex.def package documentation for explanation.
Type  H <return>  for immediate help.
 ...                                              
                                                  
l.2001 ...cs[width=\hsize]{figures/T1_evector.pdf}
                                                  
? 
[32]

LaTeX Warning: A float is stuck (cannot be placed) on input line 2010.


LaTeX Warning: A float is stuck (cannot be placed) on input line 2010.


Class revtex4-1 Warning: Deferred float stuck during \clearpage processing.


Package natbib Warning: Citation `Murray1999' on page 33 undefined on input lin
e 2017.

[33]

Package natbib Warning: Citation `Murray1999' on page 34 undefined on input lin
e 2033.


Package natbib Warning: Citation `Wu2002' on page 34 undefined on input line 20
33.


Package natbib Warning: Citation `Papaloizou2017' on page 34 undefined on input
 line 2038.


Package natbib Warning: Citation `Deck2016' on page 34 undefined on input line 
2057.


LaTeX Warning: File `figures/delta_omega_bc.pdf' not found on input line 2064.


./refining_trappist1_ttvs.tex:2064: Package pdftex.def Error: File `figures/del
ta_omega_bc.pdf' not found: using draft setting.

See the pdftex.def package documentation for explanation.
Type  H <return>  for immediate help.
 ...                                              
                                                  
l.2064 ...idth=\hsize]{figures/delta_omega_bc.pdf}
                                                  
? 

Package natbib Warning: Citation `Luger2017b' on page 34 undefined on input lin
e 2073.


Package natbib Warning: Citation `Delisle2017' on page 34 undefined on input li
ne 2083.


Package natbib Warning: Citation `Mah2018' on page 34 undefined on input line 2
088.


Package natbib Warning: Citation `Mah2018' on page 34 undefined on input line 2
090.


Package natbib Warning: Citation `Mah2018' on page 34 undefined on input line 2
118.


Package natbib Warning: Citation `Brasser2019' on page 34 undefined on input li
ne 2118.


LaTeX Warning: File `figures/Laplace_angle.pdf' not found on input line 2126.


./refining_trappist1_ttvs.tex:2126: Package pdftex.def Error: File `figures/Lap
lace_angle.pdf' not found: using draft setting.

See the pdftex.def package documentation for explanation.
Type  H <return>  for immediate help.
 ...                                              
                                                  
l.2126 ...idth =\hsize]{figures/Laplace_angle.pdf}
                                                  
? 

Package natbib Warning: Citation `Mah2018' on page 34 undefined on input line 2
133.


Package natbib Warning: Citation `Mah2018' on page 34 undefined on input line 2
133.


Package natbib Warning: Citation `Tamayo2017' on page 34 undefined on input lin
e 2140.


Package natbib Warning: Citation `Quarles2017' on page 34 undefined on input li
ne 2141.


Package natbib Warning: Citation `Gillon2017' on page 34 undefined on input lin
e 2143.


Underfull \hbox (badness 1067) in paragraph at lines 2139--2147
\T1/cmr/m/n/10 via mi-gra-tion. \T1/cmr/bx/n/10 ? \T1/cmr/m/n/10 ex-am-ined the
 sta-bil-ity of the
 []

[34]

LaTeX Warning: A float is stuck (cannot be placed) on input line 2147.


LaTeX Warning: A float is stuck (cannot be placed) on input line 2147.


Class revtex4-1 Warning: Deferred float stuck during \clearpage processing.


Package natbib Warning: Citation `Grimm2014' on page 35 undefined on input line
 2148.


Package natbib Warning: Citation `Bolmont2020' on page 35 undefined on input li
ne 2150.


Package natbib Warning: Citation `Grimm2018' on page 35 undefined on input line
 2159.

<figures/tlM.png, id=663, 578.16pt x 433.62pt>
File: figures/tlM.png Graphic file (type png)
<use figures/tlM.png>
Package pdftex.def Info: figures/tlM.png  used on input line 2177.
(pdftex.def)             Requested size: 242.26653pt x 181.6957pt.
[35]

LaTeX Warning: A float is stuck (cannot be placed) on input line 2227.


LaTeX Warning: A float is stuck (cannot be placed) on input line 2227.


Class revtex4-1 Warning: Deferred float stuck during \clearpage processing.


Underfull \hbox (badness 10000) in paragraph at lines 2246--2246
[]\T1/cmr/m/n/8 For spec-i-fi-ca-tions of these pro-grams, see
 []


Underfull \hbox (badness 10000) in paragraph at lines 2246--2246
\T1/cmtt/m/n/8 https://www.stsci.edu/jwst/observing-programs/
 []


Overfull \hbox (14.54797pt too wide) in paragraph at lines 2246--2246
[][]| [] [][][]| 
 []


Package natbib Warning: Citation `Morley2017' on page 36 undefined on input lin
e 2246.


Package natbib Warning: Citation `Barstow2016' on page 36 undefined on input li
ne 2246.


Package natbib Warning: Citation `Lustig-Yaeger2019' on page 36 undefined on in
put line 2246.


Package natbib Warning: Citation `Fauchez2020b' on page 36 undefined on input l
ine 2246.


Package natbib Warning: Citation `Gillon2020' on page 36 undefined on input lin
e 2246.


Package natbib Warning: Citation `ForemanMackey2017' on page 36 undefined on in
put line 2250.

[36 <./figures/tlM.png>]
<figures/T1_JWST_all_transits_tight.pdf, id=687, 863.82036pt x 571.09737pt>
File: figures/T1_JWST_all_transits_tight.pdf Graphic file (type pdf)
<use figures/T1_JWST_all_transits_tight.pdf>
Package pdftex.def Info: figures/T1_JWST_all_transits_tight.pdf  used on input 
line 2264.
(pdftex.def)             Requested size: 513.11743pt x 339.23637pt.


LaTeX Warning: File `figures/Recovered_masses_JWST_5yr_all_transits_NIRSPEC.pdf
' not found on input line 2277.


./refining_trappist1_ttvs.tex:2277: Package pdftex.def Error: File `figures/Rec
overed_masses_JWST_5yr_all_transits_NIRSPEC.pdf' not found: using draft setting
.

See the pdftex.def package documentation for explanation.
Type  H <return>  for immediate help.
 ...                                              
                                                  
l.2277 ...asses_JWST_5yr_all_transits_NIRSPEC.pdf}
                                                  
? 

Package natbib Warning: Citation `Delrez2018a' on page 37 undefined on input li
ne 2301.


Package natbib Warning: Citation `Mann2019' on page 37 undefined on input line 
2311.


Overfull \hbox (14.54797pt too wide) in paragraph at lines 2312--2312
[][]| [] [][][]| 
 []


Package natbib Warning: Citation `Ducrot2020' on page 37 undefined on input lin
e 2317.


Package natbib Warning: Citation `Gonzales2019' on page 37 undefined on input l
ine 2318.


Package natbib Warning: Citation `Gonzales2019' on page 37 undefined on input l
ine 2319.


Package natbib Warning: Citation `Gillon2017' on page 37 undefined on input lin
e 2326.


Package natbib Warning: Citation `Mah2018' on page 37 undefined on input line 2
341.

[37]
Underfull \hbox (badness 4505) in paragraph at lines 2351--2352
[]\T1/cmr/m/n/10 As men-tioned, our anal-y-sis sug-gests that the
 []


Package natbib Warning: Citation `bond2010making' on page 38 undefined on input
 line 2353.


Package natbib Warning: Citation `elser2012origin' on page 38 undefined on inpu
t line 2353.


Package natbib Warning: Citation `oberg2016excess' on page 38 undefined on inpu
t line 2354.


Package natbib Warning: Citation `Dorn2018' on page 38 undefined on input line 
2355.


Package natbib Warning: Citation `Unterborn2018a' on page 38 undefined on input
 line 2357.


Package natbib Warning: Citation `Dorn2018' on page 38 undefined on input line 
2357.


Package natbib Warning: Citation `Unterborn2018a' on page 38 undefined on input
 line 2357.


Package natbib Warning: Citation `benz88' on page 38 undefined on input line 23
60.


Package natbib Warning: Citation `marcus10' on page 38 undefined on input line 
2360.


Package natbib Warning: Citation `asphaug14' on page 38 undefined on input line
 2360.


Package natbib Warning: Citation `weidenschilling77' on page 38 undefined on in
put line 2360.


Package natbib Warning: Citation `spalding20' on page 38 undefined on input lin
e 2360.


Package natbib Warning: Citation `Unterborn2018a' on page 38 undefined on input
 line 2361.


Package natbib Warning: Citation `Dorn2018' on page 38 undefined on input line 
2361.

[38 <./figures/T1_JWST_all_transits_tight.pdf>]

LaTeX Warning: A float is stuck (cannot be placed) on input line 2362.


LaTeX Warning: A float is stuck (cannot be placed) on input line 2362.


Class revtex4-1 Warning: Deferred float stuck during \clearpage processing.


Package natbib Warning: Citation `armitage16' on page 39 undefined on input lin
e 2365.


Package natbib Warning: Citation `drazkowska17' on page 39 undefined on input l
ine 2365.


Package natbib Warning: Citation `schoonenberg17' on page 39 undefined on input
 line 2365.


Package natbib Warning: Citation `bus02' on page 39 undefined on input line 236
5.


Package natbib Warning: Citation `burbine02' on page 39 undefined on input line
 2365.


Package natbib Warning: Citation `gradie82' on page 39 undefined on input line 
2365.


Package natbib Warning: Citation `demeo13' on page 39 undefined on input line 2
365.


Package natbib Warning: Citation `walsh11' on page 39 undefined on input line 2
365.


Package natbib Warning: Citation `raymond17' on page 39 undefined on input line
 2365.


Package natbib Warning: Citation `ronnet18' on page 39 undefined on input line 
2365.


Package natbib Warning: Citation `raymond20' on page 39 undefined on input line
 2365.


Package natbib Warning: Citation `Tamayo2017' on page 39 undefined on input lin
e 2367.


Package natbib Warning: Citation `Ormel2017' on page 39 undefined on input line
 2367.


Package natbib Warning: Citation `Papaloizou2017' on page 39 undefined on input
 line 2367.


Package natbib Warning: Citation `MacDonald2018' on page 39 undefined on input 
line 2367.


Package natbib Warning: Citation `coleman19' on page 39 undefined on input line
 2367.


Package natbib Warning: Citation `Cresswell2008' on page 39 undefined on input 
line 2367.


Package natbib Warning: Citation `izidoro17' on page 39 undefined on input line
 2367.


Package natbib Warning: Citation `izidoro19' on page 39 undefined on input line
 2367.


Package natbib Warning: Citation `terquem07' on page 39 undefined on input line
 2367.


Package natbib Warning: Citation `ogihara09' on page 39 undefined on input line
 2367.


Package natbib Warning: Citation `mcneil10' on page 39 undefined on input line 
2367.


Package natbib Warning: Citation `cossou14' on page 39 undefined on input line 
2367.


Package natbib Warning: Citation `lambrechts14' on page 39 undefined on input l
ine 2367.


Package natbib Warning: Citation `Ormel2017' on page 39 undefined on input line
 2367.


Package natbib Warning: Citation `Schoonenberg2019' on page 39 undefined on inp
ut line 2367.


Package natbib Warning: Citation `lodders98' on page 39 undefined on input line
 2369.


Package natbib Warning: Citation `meech20' on page 39 undefined on input line 2
370.


Package natbib Warning: Citation `Ormel2017' on page 39 undefined on input line
 2370.


Package natbib Warning: Citation `Schoonenberg2019' on page 39 undefined on inp
ut line 2370.


Package natbib Warning: Citation `bitsch19a' on page 39 undefined on input line
 2370.


Package natbib Warning: Citation `Liu2020' on page 39 undefined on input line 2
370.


Package natbib Warning: Citation `hirschmann06' on page 39 undefined on input l
ine 2370.


Package natbib Warning: Citation `marty12' on page 39 undefined on input line 2
370.


Package natbib Warning: Citation `chatterjee14' on page 39 undefined on input l
ine 2374.


Package natbib Warning: Citation `chatterjee15' on page 39 undefined on input l
ine 2374.


Package natbib Warning: Citation `dawson15' on page 39 undefined on input line 
2374.


Package natbib Warning: Citation `ogihara15' on page 39 undefined on input line
 2374.


Package natbib Warning: Citation `inamdar15' on page 39 undefined on input line
 2374.


Package natbib Warning: Citation `izidoro2018' on page 39 undefined on input li
ne 2374.


Overfull \hbox (14.54797pt too wide) in paragraph at lines 2374--2374
[][]| [] [][][]| 
 []


Package natbib Warning: Citation `raymond18d' on page 39 undefined on input lin
e 2374.


Package natbib Warning: Citation `lambrechts14' on page 39 undefined on input l
ine 2374.


Package natbib Warning: Citation `ida16' on page 39 undefined on input line 237
4.

[39]

Package natbib Warning: Citation `ElkinsTanton2008' on page 40 undefined on inp
ut line 2376.


Package natbib Warning: Citation `Dorn2015' on page 40 undefined on input line 
2401.


Package natbib Warning: Citation `Bitsch2019b' on page 40 undefined on input li
ne 2401.


Package natbib Warning: Citation `Dorn2016' on page 40 undefined on input line 
2402.

[40]
Underfull \hbox (badness 1178) in paragraph at lines 2440--2444
\T1/cmr/m/n/10 and au-to-matic dif-fer-en-ti-a-tion. We thank Pramod
 []

No file refining_trappist1_ttvs.bbl.
[41] (./tables/timings_table_with_sources.tex) [42]
Overfull \vbox (1.84169pt too high) has occurred while \output is active []


[43] [44] [45] [46] [47] [48] [49] [50] [51] [52] (./timings_forecast.tex)

Package natbib Warning: There were undefined citations.

[53]
Package atveryend Info: Executing hook `AtVeryEndDocument' on input line 2592.
Package atveryend Info: Empty hook `AfterLastShipout' on input line 2592.
 (./refining_trappist1_ttvs.aux)
Package atveryend Info: Executing hook `AtEndAfterFileList' on input line 2592.

Package rerunfilecheck Info: File `refining_trappist1_ttvs.out' has not changed
.
(rerunfilecheck)             Checksum: 7E06CB2C9C79C282CE7ADC565C6691BF;3223.


LaTeX Warning: Label(s) may have changed. Rerun to get cross-references right .


 ) 
Here is how much of TeX's memory you used:
 12522 strings out of 492649
 171234 string characters out of 6129623
 619546 words of memory out of 5000000
 15975 multiletter control sequences out of 15000+600000
 27936 words of font info for 81 fonts, out of 8000000 for 9000
 1141 hyphenation exceptions out of 8191
 35i,18n,37p,1586b,457s stack positions out of 5000i,500n,10000p,200000b,80000s
{/usr/local/texlive/2018/texmf-dist/fonts/enc/dvips/cm-super/cm-super-ts1.enc
}{/usr/local/texlive/2018/texmf-dist/fonts/enc/dvips/cm-super/cm-super-t1.enc}{
/usr/local/texlive/2018/texmf-dist/fonts/enc/dvips/fontawesome/fontawesomeone.e
nc}</usr/local/texlive/2018/texmf-dist/fonts/type1/public/fontawesome/FontAweso
me.pfb></usr/local/texlive/2018/texmf-dist/fonts/type1/public/amsfonts/cm/cmbx1
0.pfb></usr/local/texlive/2018/texmf-dist/fonts/type1/public/amsfonts/cm/cmbx7.
pfb></usr/local/texlive/2018/texmf-dist/fonts/type1/public/amsfonts/cm/cmex10.p
fb></usr/local/texlive/2018/texmf-dist/fonts/type1/public/amsfonts/cmextra/cmex
9.pfb></usr/local/texlive/2018/texmf-dist/fonts/type1/public/amsfonts/cm/cmmi10
.pfb></usr/local/texlive/2018/texmf-dist/fonts/type1/public/amsfonts/cm/cmmi5.p
fb></usr/local/texlive/2018/texmf-dist/fonts/type1/public/amsfonts/cm/cmmi6.pfb
></usr/local/texlive/2018/texmf-dist/fonts/type1/public/amsfonts/cm/cmmi7.pfb><
/usr/local/texlive/2018/texmf-dist/fonts/type1/public/amsfonts/cm/cmmi8.pfb></u
sr/local/texlive/2018/texmf-dist/fonts/type1/public/amsfonts/cm/cmmi9.pfb></usr
/local/texlive/2018/texmf-dist/fonts/type1/public/amsfonts/cm/cmr10.pfb></usr/l
ocal/texlive/2018/texmf-dist/fonts/type1/public/amsfonts/cm/cmr5.pfb></usr/loca
l/texlive/2018/texmf-dist/fonts/type1/public/amsfonts/cm/cmr6.pfb></usr/local/t
exlive/2018/texmf-dist/fonts/type1/public/amsfonts/cm/cmr7.pfb></usr/local/texl
ive/2018/texmf-dist/fonts/type1/public/amsfonts/cm/cmr8.pfb></usr/local/texlive
/2018/texmf-dist/fonts/type1/public/amsfonts/cm/cmr9.pfb></usr/local/texlive/20
18/texmf-dist/fonts/type1/public/amsfonts/cm/cmsy10.pfb></usr/local/texlive/201
8/texmf-dist/fonts/type1/public/amsfonts/cm/cmsy5.pfb></usr/local/texlive/2018/
texmf-dist/fonts/type1/public/amsfonts/cm/cmsy6.pfb></usr/local/texlive/2018/te
xmf-dist/fonts/type1/public/amsfonts/cm/cmsy7.pfb></usr/local/texlive/2018/texm
f-dist/fonts/type1/public/amsfonts/cm/cmsy8.pfb></usr/local/texlive/2018/texmf-
dist/fonts/type1/public/amsfonts/cm/cmsy9.pfb></usr/local/texlive/2018/texmf-di
st/fonts/type1/public/amsfonts/symbols/msam10.pfb></usr/local/texlive/2018/texm
f-dist/fonts/type1/public/cm-super/sfbx0800.pfb></usr/local/texlive/2018/texmf-
dist/fonts/type1/public/cm-super/sfbx0900.pfb></usr/local/texlive/2018/texmf-di
st/fonts/type1/public/cm-super/sfbx1000.pfb></usr/local/texlive/2018/texmf-dist
/fonts/type1/public/cm-super/sfcc0600.pfb></usr/local/texlive/2018/texmf-dist/f
onts/type1/public/cm-super/sfcc0800.pfb></usr/local/texlive/2018/texmf-dist/fon
ts/type1/public/cm-super/sfcc0900.pfb></usr/local/texlive/2018/texmf-dist/fonts
/type1/public/cm-super/sfcc1000.pfb></usr/local/texlive/2018/texmf-dist/fonts/t
ype1/public/cm-super/sfrm0600.pfb></usr/local/texlive/2018/texmf-dist/fonts/typ
e1/public/cm-super/sfrm0700.pfb></usr/local/texlive/2018/texmf-dist/fonts/type1
/public/cm-super/sfrm0800.pfb></usr/local/texlive/2018/texmf-dist/fonts/type1/p
ublic/cm-super/sfrm0900.pfb></usr/local/texlive/2018/texmf-dist/fonts/type1/pub
lic/cm-super/sfrm1000.pfb></usr/local/texlive/2018/texmf-dist/fonts/type1/publi
c/cm-super/sfss1000.pfb></usr/local/texlive/2018/texmf-dist/fonts/type1/public/
cm-super/sfti0800.pfb></usr/local/texlive/2018/texmf-dist/fonts/type1/public/cm
-super/sfti0900.pfb></usr/local/texlive/2018/texmf-dist/fonts/type1/public/cm-s
uper/sfti1000.pfb></usr/local/texlive/2018/texmf-dist/fonts/type1/public/cm-sup
er/sftt0800.pfb></usr/local/texlive/2018/texmf-dist/fonts/type1/public/cm-super
/sftt0900.pfb></usr/local/texlive/2018/texmf-dist/fonts/type1/public/cm-super/s
ftt1000.pfb></usr/local/texlive/2018/texmf-dist/fonts/type1/public/wasy2-ps/was
y10.pfb>
Output written on refining_trappist1_ttvs.pdf (53 pages, 2172293 bytes).
PDF statistics:
 1028 PDF objects out of 1200 (max. 8388607)
 842 compressed objects within 9 object streams
 201 named destinations out of 1000 (max. 500000)
 378 words of extra memory for PDF output out of 10000 (max. 10000000)

